
*** Running vivado
    with args -log design_1_axisafety_2_1.vds -m64 -product Vivado -mode batch -messageDb vivado.pb -notrace -source design_1_axisafety_2_1.tcl


****** Vivado v2022.2.2 (64-bit)
  **** SW Build 3788238 on Tue Feb 21 19:59:23 MST 2023
  **** IP Build 3783773 on Tue Feb 21 23:41:56 MST 2023
    ** Copyright 1986-2023 Xilinx, Inc. All Rights Reserved.

source design_1_axisafety_2_1.tcl -notrace
INFO: [IP_Flow 19-234] Refreshing IP repositories
INFO: [IP_Flow 19-1700] Loaded user IP repository '/home/agreshil/vivado_projects/i2c-master/x2o-vivado-usplus-control-i2c-master-pl/control/ip_repo/i2c_master_1_0'.
WARNING: [IP_Flow 19-2248] Failed to load user IP repository '/home/agreshil/vivado_projects/i2c-master/x2o-vivado-usplus-control-i2c-master-pl/control/ip_repo/myip_1_0'; Can't find the specified path.
If this directory should no longer be in your list of user repositories, go to the IP Settings dialog and remove it.
WARNING: [IP_Flow 19-2207] Repository '/home/agreshil/vivado_projects/i2c-master/x2o-vivado-usplus-control-i2c-master-pl/control/ip_repo/myip_1_0' already exists; ignoring attempt to add it again.
WARNING: [IP_Flow 19-2248] Failed to load user IP repository '/home/agreshil/vivado_projects/i2c-master/x2o-vivado-usplus-control-i2c-master-pl/control/ip_repo/myip_1_0'; Can't find the specified path.
If this directory should no longer be in your list of user repositories, go to the IP Settings dialog and remove it.
WARNING: [IP_Flow 19-2207] Repository '/home/agreshil/vivado_projects/i2c-master/x2o-vivado-usplus-control-i2c-master-pl/control/ip_repo/myip_1_0' already exists; ignoring attempt to add it again.
WARNING: [IP_Flow 19-2248] Failed to load user IP repository '/home/agreshil/vivado_projects/i2c-master/x2o-vivado-usplus-control-i2c-master-pl/control/ip_repo/myip_1_0'; Can't find the specified path.
If this directory should no longer be in your list of user repositories, go to the IP Settings dialog and remove it.
WARNING: [IP_Flow 19-2207] Repository '/home/agreshil/vivado_projects/i2c-master/x2o-vivado-usplus-control-i2c-master-pl/control/ip_repo/i2c_master_1_0' already exists; ignoring attempt to add it again.
INFO: [IP_Flow 19-1700] Loaded user IP repository '/home/agreshil/vivado_projects/i2c-master/x2o-vivado-usplus-control-i2c-master-pl/control/ip_repo/i2c_master_1_0'.
WARNING: [IP_Flow 19-2207] Repository '/home/agreshil/vivado_projects/i2c-master/x2o-vivado-usplus-control-i2c-master-pl/control/ip_repo/i2c_master_1_0' already exists; ignoring attempt to add it again.
INFO: [IP_Flow 19-1700] Loaded user IP repository '/home/agreshil/vivado_projects/i2c-master/x2o-vivado-usplus-control-i2c-master-pl/control/ip_repo/i2c_master_1_0'.
WARNING: [IP_Flow 19-2207] Repository '/home/agreshil/vivado_projects/i2c-master/x2o-vivado-usplus-control-i2c-master-pl/control/ip_repo/i2c_master_1_0' already exists; ignoring attempt to add it again.
INFO: [IP_Flow 19-1700] Loaded user IP repository '/home/agreshil/vivado_projects/i2c-master/x2o-vivado-usplus-control-i2c-master-pl/control/ip_repo/i2c_master_1_0'.
WARNING: [IP_Flow 19-2248] Failed to load user IP repository '/home/agreshil/vivado_projects/i2c-master/x2o-vivado-usplus-control-i2c-master-pl/control/ip_repo/i2c_master_buf_1_0'; Can't find the specified path.
If this directory should no longer be in your list of user repositories, go to the IP Settings dialog and remove it.
WARNING: [IP_Flow 19-2207] Repository '/home/agreshil/vivado_projects/i2c-master/x2o-vivado-usplus-control-i2c-master-pl/control/ip_repo/i2c_master_buf_1_0' already exists; ignoring attempt to add it again.
WARNING: [IP_Flow 19-2248] Failed to load user IP repository '/home/agreshil/vivado_projects/i2c-master/x2o-vivado-usplus-control-i2c-master-pl/control/ip_repo/i2c_master_buf_1_0'; Can't find the specified path.
If this directory should no longer be in your list of user repositories, go to the IP Settings dialog and remove it.
INFO: [IP_Flow 19-1700] Loaded user IP repository '/home/agreshil/vivado_projects/i2c-master/x2o-vivado-usplus-control-i2c-master-pl/control/ip_repo/axis_jtag'.
INFO: [IP_Flow 19-2313] Loaded Vivado IP repository '/tools/Xilinx/Vivado/2022.2/data/ip'.
INFO: [IP_Flow 19-6924] IPCACHE: Running cache check for IP inst: design_1_axisafety_2_1
Command: synth_design -top design_1_axisafety_2_1 -part xck26-sfvc784-2LV-c -incremental_mode off -mode out_of_context
Starting synth_design
Attempting to get a license for feature 'Synthesis' and/or device 'xck26'
INFO: [Common 17-349] Got license for feature 'Synthesis' and/or device 'xck26'
INFO: [Device 21-403] Loading part xck26-sfvc784-2LV-c
INFO: [Synth 8-7079] Multithreading enabled for synth_design using a maximum of 4 processes.
INFO: [Synth 8-7078] Launching helper process for spawning children vivado processes
INFO: [Synth 8-7075] Helper process launched with PID 12816
INFO: [Synth 8-11241] undeclared symbol 'REGCCE', assumed default net type 'wire' [/tools/Xilinx/Vivado/2022.2/data/verilog/src/unimacro/BRAM_SINGLE_MACRO.v:2170]
---------------------------------------------------------------------------------
Starting RTL Elaboration : Time (s): cpu = 00:00:03 ; elapsed = 00:00:04 . Memory (MB): peak = 3060.031 ; gain = 235.742 ; free physical = 6900 ; free virtual = 15757
Synthesis current peak Physical Memory [PSS] (MB): peak = 2290.008; parent = 2138.706; children = 151.302
Synthesis current peak Virtual Memory [VSS] (MB): peak = 4083.836; parent = 3065.973; children = 1017.863
---------------------------------------------------------------------------------
INFO: [Synth 8-6157] synthesizing module 'design_1_axisafety_2_1' [/home/agreshil/vivado_projects/i2c-master/x2o-vivado-usplus-control-i2c-master-pl/control/apex_kria/apex_kria.gen/sources_1/bd/design_1/ip/design_1_axisafety_2_1/synth/design_1_axisafety_2_1.v:53]
INFO: [Synth 8-6157] synthesizing module 'axisafety' [/home/agreshil/vivado_projects/i2c-master/x2o-vivado-usplus-control-i2c-master-pl/control/apex_kria/apex_kria.srcs/sources_1/imports/bd_rtl/axisafety.v:154]
INFO: [Synth 8-6155] done synthesizing module 'axisafety' (0#1) [/home/agreshil/vivado_projects/i2c-master/x2o-vivado-usplus-control-i2c-master-pl/control/apex_kria/apex_kria.srcs/sources_1/imports/bd_rtl/axisafety.v:154]
INFO: [Synth 8-6155] done synthesizing module 'design_1_axisafety_2_1' (0#1) [/home/agreshil/vivado_projects/i2c-master/x2o-vivado-usplus-control-i2c-master-pl/control/apex_kria/apex_kria.gen/sources_1/bd/design_1/ip/design_1_axisafety_2_1/synth/design_1_axisafety_2_1.v:53]
WARNING: [Synth 8-6014] Unused sequential element r_awlock_reg was removed.  [/home/agreshil/vivado_projects/i2c-master/x2o-vivado-usplus-control-i2c-master-pl/control/apex_kria/apex_kria.srcs/sources_1/imports/bd_rtl/axisafety.v:485]
WARNING: [Synth 8-6014] Unused sequential element r_arlock_reg was removed.  [/home/agreshil/vivado_projects/i2c-master/x2o-vivado-usplus-control-i2c-master-pl/control/apex_kria/apex_kria.srcs/sources_1/imports/bd_rtl/axisafety.v:1026]
WARNING: [Synth 8-6014] Unused sequential element exread_reg was removed.  [/home/agreshil/vivado_projects/i2c-master/x2o-vivado-usplus-control-i2c-master-pl/control/apex_kria/apex_kria.srcs/sources_1/imports/bd_rtl/axisafety.v:1210]
WARNING: [Synth 8-6014] Unused sequential element rfifo_first_reg was removed.  [/home/agreshil/vivado_projects/i2c-master/x2o-vivado-usplus-control-i2c-master-pl/control/apex_kria/apex_kria.srcs/sources_1/imports/bd_rtl/axisafety.v:1369]
WARNING: [Synth 8-7129] Port S_AXI_AWLOCK in module axisafety is either unconnected or has no load
WARNING: [Synth 8-7129] Port S_AXI_ARLOCK in module axisafety is either unconnected or has no load
---------------------------------------------------------------------------------
Finished RTL Elaboration : Time (s): cpu = 00:00:05 ; elapsed = 00:00:05 . Memory (MB): peak = 3139.938 ; gain = 315.648 ; free physical = 7075 ; free virtual = 15935
Synthesis current peak Physical Memory [PSS] (MB): peak = 2290.008; parent = 2138.706; children = 151.302
Synthesis current peak Virtual Memory [VSS] (MB): peak = 4157.805; parent = 3139.941; children = 1017.863
---------------------------------------------------------------------------------
---------------------------------------------------------------------------------
Start Handling Custom Attributes
---------------------------------------------------------------------------------
---------------------------------------------------------------------------------
Finished Handling Custom Attributes : Time (s): cpu = 00:00:05 ; elapsed = 00:00:05 . Memory (MB): peak = 3154.781 ; gain = 330.492 ; free physical = 7139 ; free virtual = 15999
Synthesis current peak Physical Memory [PSS] (MB): peak = 2290.008; parent = 2138.706; children = 151.302
Synthesis current peak Virtual Memory [VSS] (MB): peak = 4172.648; parent = 3154.785; children = 1017.863
---------------------------------------------------------------------------------
---------------------------------------------------------------------------------
Finished RTL Optimization Phase 1 : Time (s): cpu = 00:00:05 ; elapsed = 00:00:05 . Memory (MB): peak = 3154.781 ; gain = 330.492 ; free physical = 7139 ; free virtual = 15999
Synthesis current peak Physical Memory [PSS] (MB): peak = 2290.008; parent = 2138.706; children = 151.302
Synthesis current peak Virtual Memory [VSS] (MB): peak = 4172.648; parent = 3154.785; children = 1017.863
---------------------------------------------------------------------------------
Netlist sorting complete. Time (s): cpu = 00:00:00.01 ; elapsed = 00:00:00.01 . Memory (MB): peak = 3154.781 ; gain = 0.000 ; free physical = 7128 ; free virtual = 15988
INFO: [Project 1-570] Preparing netlist for logic optimization

Processing XDC Constraints
Initializing timing engine
Completed Processing XDC Constraints

Netlist sorting complete. Time (s): cpu = 00:00:00 ; elapsed = 00:00:00 . Memory (MB): peak = 3294.688 ; gain = 0.000 ; free physical = 6951 ; free virtual = 15810
INFO: [Project 1-111] Unisim Transformation Summary:
No Unisim elements were transformed.

Constraint Validation Runtime : Time (s): cpu = 00:00:00.07 ; elapsed = 00:00:00.03 . Memory (MB): peak = 3318.500 ; gain = 23.812 ; free physical = 6944 ; free virtual = 15804
INFO: [Designutils 20-5008] Incremental synthesis strategy off
INFO: [Synth 8-11241] undeclared symbol 'REGCCE', assumed default net type 'wire' [/tools/Xilinx/Vivado/2022.2/data/verilog/src/unimacro/BRAM_SINGLE_MACRO.v:2170]
---------------------------------------------------------------------------------
Finished Constraint Validation : Time (s): cpu = 00:00:10 ; elapsed = 00:00:10 . Memory (MB): peak = 3318.500 ; gain = 494.211 ; free physical = 7067 ; free virtual = 15932
Synthesis current peak Physical Memory [PSS] (MB): peak = 2290.008; parent = 2138.706; children = 151.302
Synthesis current peak Virtual Memory [VSS] (MB): peak = 4304.352; parent = 3286.488; children = 1017.863
---------------------------------------------------------------------------------
---------------------------------------------------------------------------------
Start Loading Part and Timing Information
---------------------------------------------------------------------------------
Loading part: xck26-sfvc784-2LV-c
INFO: [Synth 8-6742] Reading net delay rules and data
---------------------------------------------------------------------------------
Finished Loading Part and Timing Information : Time (s): cpu = 00:00:10 ; elapsed = 00:00:11 . Memory (MB): peak = 3318.500 ; gain = 494.211 ; free physical = 7068 ; free virtual = 15928
Synthesis current peak Physical Memory [PSS] (MB): peak = 2290.008; parent = 2138.706; children = 151.302
Synthesis current peak Virtual Memory [VSS] (MB): peak = 4304.352; parent = 3286.488; children = 1017.863
---------------------------------------------------------------------------------
---------------------------------------------------------------------------------
Start Applying 'set_property' XDC Constraints
---------------------------------------------------------------------------------
---------------------------------------------------------------------------------
Finished applying 'set_property' XDC Constraints : Time (s): cpu = 00:00:10 ; elapsed = 00:00:11 . Memory (MB): peak = 3318.500 ; gain = 494.211 ; free physical = 7068 ; free virtual = 15928
Synthesis current peak Physical Memory [PSS] (MB): peak = 2290.008; parent = 2138.706; children = 151.302
Synthesis current peak Virtual Memory [VSS] (MB): peak = 4304.352; parent = 3286.488; children = 1017.863
---------------------------------------------------------------------------------
WARNING: [Synth 8-327] inferring latch for variable 'axi_wr_err_reg' [/home/agreshil/vivado_projects/i2c-master/x2o-vivado-usplus-control-i2c-master-pl/control/apex_kria/apex_kria.srcs/sources_1/imports/bd_rtl/axisafety.v:923]
---------------------------------------------------------------------------------
Finished RTL Optimization Phase 2 : Time (s): cpu = 00:00:10 ; elapsed = 00:00:11 . Memory (MB): peak = 3318.500 ; gain = 494.211 ; free physical = 7051 ; free virtual = 15914
Synthesis current peak Physical Memory [PSS] (MB): peak = 2290.008; parent = 2138.706; children = 151.302
Synthesis current peak Virtual Memory [VSS] (MB): peak = 4304.352; parent = 3286.488; children = 1017.863
---------------------------------------------------------------------------------
---------------------------------------------------------------------------------
Start RTL Component Statistics 
---------------------------------------------------------------------------------
Detailed RTL Component Info : 
+---Adders : 
	   2 Input    9 Bit       Adders := 3     
	   2 Input    5 Bit       Adders := 1     
+---Registers : 
	             1024 Bit    Registers := 1     
	               32 Bit    Registers := 4     
	               28 Bit    Registers := 4     
	                9 Bit    Registers := 2     
	                8 Bit    Registers := 4     
	                6 Bit    Registers := 6     
	                5 Bit    Registers := 1     
	                4 Bit    Registers := 10    
	                3 Bit    Registers := 9     
	                2 Bit    Registers := 7     
	                1 Bit    Registers := 30    
+---Muxes : 
	   2 Input   32 Bit        Muxes := 2     
	   2 Input   28 Bit        Muxes := 2     
	   2 Input    9 Bit        Muxes := 4     
	   2 Input    8 Bit        Muxes := 2     
	   2 Input    6 Bit        Muxes := 2     
	   2 Input    4 Bit        Muxes := 5     
	   2 Input    3 Bit        Muxes := 4     
	   2 Input    2 Bit        Muxes := 4     
	   2 Input    1 Bit        Muxes := 52    
---------------------------------------------------------------------------------
Finished RTL Component Statistics 
---------------------------------------------------------------------------------
---------------------------------------------------------------------------------
Start Part Resource Summary
---------------------------------------------------------------------------------
Part Resources:
DSPs: 1248 (col length:96)
BRAMs: 288 (col length: RAMB18 96 RAMB36 48)
---------------------------------------------------------------------------------
Finished Part Resource Summary
---------------------------------------------------------------------------------
---------------------------------------------------------------------------------
Start Cross Boundary and Area Optimization
---------------------------------------------------------------------------------
WARNING: [Synth 8-7080] Parallel synthesis criteria is not met
INFO: [Synth 8-3917] design design_1_axisafety_2_1 has port M_AXI_BREADY driven by constant 1
WARNING: [Synth 8-7129] Port S_AXI_AWLOCK in module design_1_axisafety_2_1 is either unconnected or has no load
WARNING: [Synth 8-7129] Port S_AXI_ARLOCK in module design_1_axisafety_2_1 is either unconnected or has no load
---------------------------------------------------------------------------------
Finished Cross Boundary and Area Optimization : Time (s): cpu = 00:00:12 ; elapsed = 00:00:13 . Memory (MB): peak = 3318.500 ; gain = 494.211 ; free physical = 6987 ; free virtual = 15863
Synthesis current peak Physical Memory [PSS] (MB): peak = 2290.008; parent = 2138.706; children = 151.302
Synthesis current peak Virtual Memory [VSS] (MB): peak = 4304.352; parent = 3286.488; children = 1017.863
---------------------------------------------------------------------------------
---------------------------------------------------------------------------------
Start Applying XDC Timing Constraints
---------------------------------------------------------------------------------
---------------------------------------------------------------------------------
Finished Applying XDC Timing Constraints : Time (s): cpu = 00:00:20 ; elapsed = 00:00:22 . Memory (MB): peak = 3695.125 ; gain = 870.836 ; free physical = 5281 ; free virtual = 14158
Synthesis current peak Physical Memory [PSS] (MB): peak = 2836.715; parent = 2685.802; children = 151.302
Synthesis current peak Virtual Memory [VSS] (MB): peak = 4712.992; parent = 3695.129; children = 1017.863
---------------------------------------------------------------------------------
---------------------------------------------------------------------------------
Start Timing Optimization
---------------------------------------------------------------------------------
---------------------------------------------------------------------------------
Finished Timing Optimization : Time (s): cpu = 00:00:20 ; elapsed = 00:00:23 . Memory (MB): peak = 3695.125 ; gain = 870.836 ; free physical = 5262 ; free virtual = 14139
Synthesis current peak Physical Memory [PSS] (MB): peak = 2837.322; parent = 2686.410; children = 151.302
Synthesis current peak Virtual Memory [VSS] (MB): peak = 4712.992; parent = 3695.129; children = 1017.863
---------------------------------------------------------------------------------
---------------------------------------------------------------------------------
Start Technology Mapping
---------------------------------------------------------------------------------
---------------------------------------------------------------------------------
Finished Technology Mapping : Time (s): cpu = 00:00:21 ; elapsed = 00:00:23 . Memory (MB): peak = 3714.156 ; gain = 889.867 ; free physical = 5257 ; free virtual = 14134
Synthesis current peak Physical Memory [PSS] (MB): peak = 2839.825; parent = 2688.913; children = 151.302
Synthesis current peak Virtual Memory [VSS] (MB): peak = 4732.023; parent = 3714.160; children = 1017.863
---------------------------------------------------------------------------------
---------------------------------------------------------------------------------
Start IO Insertion
---------------------------------------------------------------------------------
---------------------------------------------------------------------------------
Start Flattening Before IO Insertion
---------------------------------------------------------------------------------
---------------------------------------------------------------------------------
Finished Flattening Before IO Insertion
---------------------------------------------------------------------------------
---------------------------------------------------------------------------------
Start Final Netlist Cleanup
---------------------------------------------------------------------------------
---------------------------------------------------------------------------------
Finished Final Netlist Cleanup
---------------------------------------------------------------------------------
---------------------------------------------------------------------------------
Finished IO Insertion : Time (s): cpu = 00:00:24 ; elapsed = 00:00:26 . Memory (MB): peak = 3722.094 ; gain = 897.805 ; free physical = 5255 ; free virtual = 14132
Synthesis current peak Physical Memory [PSS] (MB): peak = 2840.168; parent = 2689.256; children = 151.302
Synthesis current peak Virtual Memory [VSS] (MB): peak = 4739.961; parent = 3722.098; children = 1017.863
---------------------------------------------------------------------------------
---------------------------------------------------------------------------------
Start Renaming Generated Instances
---------------------------------------------------------------------------------
---------------------------------------------------------------------------------
Finished Renaming Generated Instances : Time (s): cpu = 00:00:24 ; elapsed = 00:00:26 . Memory (MB): peak = 3722.094 ; gain = 897.805 ; free physical = 5255 ; free virtual = 14132
Synthesis current peak Physical Memory [PSS] (MB): peak = 2840.216; parent = 2689.304; children = 151.302
Synthesis current peak Virtual Memory [VSS] (MB): peak = 4739.961; parent = 3722.098; children = 1017.863
---------------------------------------------------------------------------------
---------------------------------------------------------------------------------
Start Rebuilding User Hierarchy
---------------------------------------------------------------------------------
---------------------------------------------------------------------------------
Finished Rebuilding User Hierarchy : Time (s): cpu = 00:00:24 ; elapsed = 00:00:26 . Memory (MB): peak = 3722.094 ; gain = 897.805 ; free physical = 5255 ; free virtual = 14132
Synthesis current peak Physical Memory [PSS] (MB): peak = 2840.575; parent = 2689.663; children = 151.302
Synthesis current peak Virtual Memory [VSS] (MB): peak = 4739.961; parent = 3722.098; children = 1017.863
---------------------------------------------------------------------------------
---------------------------------------------------------------------------------
Start Renaming Generated Ports
---------------------------------------------------------------------------------
---------------------------------------------------------------------------------
Finished Renaming Generated Ports : Time (s): cpu = 00:00:24 ; elapsed = 00:00:26 . Memory (MB): peak = 3722.094 ; gain = 897.805 ; free physical = 5255 ; free virtual = 14132
Synthesis current peak Physical Memory [PSS] (MB): peak = 2840.575; parent = 2689.663; children = 151.302
Synthesis current peak Virtual Memory [VSS] (MB): peak = 4739.961; parent = 3722.098; children = 1017.863
---------------------------------------------------------------------------------
---------------------------------------------------------------------------------
Start Handling Custom Attributes
---------------------------------------------------------------------------------
---------------------------------------------------------------------------------
Finished Handling Custom Attributes : Time (s): cpu = 00:00:24 ; elapsed = 00:00:26 . Memory (MB): peak = 3722.094 ; gain = 897.805 ; free physical = 5255 ; free virtual = 14132
Synthesis current peak Physical Memory [PSS] (MB): peak = 2840.575; parent = 2689.663; children = 151.302
Synthesis current peak Virtual Memory [VSS] (MB): peak = 4739.961; parent = 3722.098; children = 1017.863
---------------------------------------------------------------------------------
---------------------------------------------------------------------------------
Start Renaming Generated Nets
---------------------------------------------------------------------------------
---------------------------------------------------------------------------------
Finished Renaming Generated Nets : Time (s): cpu = 00:00:24 ; elapsed = 00:00:27 . Memory (MB): peak = 3722.094 ; gain = 897.805 ; free physical = 5255 ; free virtual = 14132
Synthesis current peak Physical Memory [PSS] (MB): peak = 2840.575; parent = 2689.663; children = 151.302
Synthesis current peak Virtual Memory [VSS] (MB): peak = 4739.961; parent = 3722.098; children = 1017.863
---------------------------------------------------------------------------------
---------------------------------------------------------------------------------
Start Writing Synthesis Report
---------------------------------------------------------------------------------

Report BlackBoxes: 
+-+--------------+----------+
| |BlackBox name |Instances |
+-+--------------+----------+
+-+--------------+----------+

Report Cell Usage: 
+------+-------+------+
|      |Cell   |Count |
+------+-------+------+
|1     |CARRY8 |     7|
|2     |LUT1   |     4|
|3     |LUT2   |    20|
|4     |LUT3   |    79|
|5     |LUT4   |    29|
|6     |LUT5   |    25|
|7     |LUT6   |    52|
|8     |MUXF7  |     1|
|9     |FDRE   |  1388|
|10    |FDSE   |     4|
|11    |LDP    |     1|
+------+-------+------+
---------------------------------------------------------------------------------
Finished Writing Synthesis Report : Time (s): cpu = 00:00:24 ; elapsed = 00:00:27 . Memory (MB): peak = 3722.094 ; gain = 897.805 ; free physical = 5255 ; free virtual = 14132
Synthesis current peak Physical Memory [PSS] (MB): peak = 2840.610; parent = 2689.698; children = 151.302
Synthesis current peak Virtual Memory [VSS] (MB): peak = 4739.961; parent = 3722.098; children = 1017.863
---------------------------------------------------------------------------------
Synthesis finished with 0 errors, 0 critical warnings and 4 warnings.
Synthesis Optimization Runtime : Time (s): cpu = 00:00:23 ; elapsed = 00:00:25 . Memory (MB): peak = 3722.094 ; gain = 734.086 ; free physical = 5337 ; free virtual = 14214
Synthesis Optimization Complete : Time (s): cpu = 00:00:24 ; elapsed = 00:00:27 . Memory (MB): peak = 3722.102 ; gain = 897.805 ; free physical = 5330 ; free virtual = 14207
INFO: [Project 1-571] Translating synthesized netlist
Netlist sorting complete. Time (s): cpu = 00:00:00.01 ; elapsed = 00:00:00.01 . Memory (MB): peak = 3734.062 ; gain = 0.000 ; free physical = 5592 ; free virtual = 14468
INFO: [Netlist 29-17] Analyzing 9 Unisim elements for replacement
INFO: [Netlist 29-28] Unisim Transformation completed in 0 CPU seconds
WARNING: [Netlist 29-101] Netlist 'design_1_axisafety_2_1' is not ideal for floorplanning, since the cellview 'axisafety' contains a large number of primitives.  Please consider enabling hierarchy in synthesis if you want to do floorplanning.
INFO: [Project 1-570] Preparing netlist for logic optimization
INFO: [Opt 31-138] Pushed 0 inverter(s) to 0 load pin(s).
Netlist sorting complete. Time (s): cpu = 00:00:00 ; elapsed = 00:00:00 . Memory (MB): peak = 3778.887 ; gain = 0.000 ; free physical = 5542 ; free virtual = 14418
INFO: [Project 1-111] Unisim Transformation Summary:
  A total of 1 instances were transformed.
  LDP => LDPE: 1 instance 

Synth Design complete, checksum: bd034cbc
INFO: [Common 17-83] Releasing license: Synthesis
31 Infos, 22 Warnings, 0 Critical Warnings and 0 Errors encountered.
synth_design completed successfully
synth_design: Time (s): cpu = 00:00:32 ; elapsed = 00:00:32 . Memory (MB): peak = 3778.887 ; gain = 1867.922 ; free physical = 5925 ; free virtual = 14803
INFO: [Common 17-1381] The checkpoint '/home/agreshil/vivado_projects/i2c-master/x2o-vivado-usplus-control-i2c-master-pl/control/apex_kria/apex_kria.runs/design_1_axisafety_2_1_synth_1/design_1_axisafety_2_1.dcp' has been generated.
INFO: [Coretcl 2-1648] Added synthesis output to IP cache for IP design_1_axisafety_2_1, cache-ID = 27f04091340da37b
INFO: [Common 17-1381] The checkpoint '/home/agreshil/vivado_projects/i2c-master/x2o-vivado-usplus-control-i2c-master-pl/control/apex_kria/apex_kria.runs/design_1_axisafety_2_1_synth_1/design_1_axisafety_2_1.dcp' has been generated.
INFO: [runtcl-4] Executing : report_utilization -file design_1_axisafety_2_1_utilization_synth.rpt -pb design_1_axisafety_2_1_utilization_synth.pb
INFO: [Common 17-206] Exiting Vivado at Tue Apr 29 20:45:37 2025...
