
*** Running vivado
    with args -log design_1_xbar_3.vds -m64 -product Vivado -mode batch -messageDb vivado.pb -notrace -source design_1_xbar_3.tcl


****** Vivado v2022.2.2 (64-bit)
  **** SW Build 3788238 on Tue Feb 21 19:59:23 MST 2023
  **** IP Build 3783773 on Tue Feb 21 23:41:56 MST 2023
    ** Copyright 1986-2023 Xilinx, Inc. All Rights Reserved.

source design_1_xbar_3.tcl -notrace
create_project: Time (s): cpu = 00:00:05 ; elapsed = 00:00:05 . Memory (MB): peak = 1842.762 ; gain = 89.984 ; free physical = 8836 ; free virtual = 18245
INFO: [IP_Flow 19-234] Refreshing IP repositories
INFO: [IP_Flow 19-1700] Loaded user IP repository '/home/agreshil/vivado_projects/i2c-master/x2o-vivado-usplus-control-i2c-master-pl/control/ip_repo/i2c_master_1_0'.
WARNING: [IP_Flow 19-2248] Failed to load user IP repository '/home/agreshil/vivado_projects/i2c-master/x2o-vivado-usplus-control-i2c-master-pl/control/ip_repo/myip_1_0'; Can't find the specified path.
If this directory should no longer be in your list of user repositories, go to the IP Settings dialog and remove it.
WARNING: [IP_Flow 19-2207] Repository '/home/agreshil/vivado_projects/i2c-master/x2o-vivado-usplus-control-i2c-master-pl/control/ip_repo/myip_1_0' already exists; ignoring attempt to add it again.
WARNING: [IP_Flow 19-2248] Failed to load user IP repository '/home/agreshil/vivado_projects/i2c-master/x2o-vivado-usplus-control-i2c-master-pl/control/ip_repo/myip_1_0'; Can't find the specified path.
If this directory should no longer be in your list of user repositories, go to the IP Settings dialog and remove it.
WARNING: [IP_Flow 19-2207] Repository '/home/agreshil/vivado_projects/i2c-master/x2o-vivado-usplus-control-i2c-master-pl/control/ip_repo/myip_1_0' already exists; ignoring attempt to add it again.
WARNING: [IP_Flow 19-2248] Failed to load user IP repository '/home/agreshil/vivado_projects/i2c-master/x2o-vivado-usplus-control-i2c-master-pl/control/ip_repo/myip_1_0'; Can't find the specified path.
If this directory should no longer be in your list of user repositories, go to the IP Settings dialog and remove it.
WARNING: [IP_Flow 19-2207] Repository '/home/agreshil/vivado_projects/i2c-master/x2o-vivado-usplus-control-i2c-master-pl/control/ip_repo/i2c_master_1_0' already exists; ignoring attempt to add it again.
INFO: [IP_Flow 19-1700] Loaded user IP repository '/home/agreshil/vivado_projects/i2c-master/x2o-vivado-usplus-control-i2c-master-pl/control/ip_repo/i2c_master_1_0'.
WARNING: [IP_Flow 19-2207] Repository '/home/agreshil/vivado_projects/i2c-master/x2o-vivado-usplus-control-i2c-master-pl/control/ip_repo/i2c_master_1_0' already exists; ignoring attempt to add it again.
INFO: [IP_Flow 19-1700] Loaded user IP repository '/home/agreshil/vivado_projects/i2c-master/x2o-vivado-usplus-control-i2c-master-pl/control/ip_repo/i2c_master_1_0'.
WARNING: [IP_Flow 19-2207] Repository '/home/agreshil/vivado_projects/i2c-master/x2o-vivado-usplus-control-i2c-master-pl/control/ip_repo/i2c_master_1_0' already exists; ignoring attempt to add it again.
INFO: [IP_Flow 19-1700] Loaded user IP repository '/home/agreshil/vivado_projects/i2c-master/x2o-vivado-usplus-control-i2c-master-pl/control/ip_repo/i2c_master_1_0'.
WARNING: [IP_Flow 19-2248] Failed to load user IP repository '/home/agreshil/vivado_projects/i2c-master/x2o-vivado-usplus-control-i2c-master-pl/control/ip_repo/i2c_master_buf_1_0'; Can't find the specified path.
If this directory should no longer be in your list of user repositories, go to the IP Settings dialog and remove it.
WARNING: [IP_Flow 19-2207] Repository '/home/agreshil/vivado_projects/i2c-master/x2o-vivado-usplus-control-i2c-master-pl/control/ip_repo/i2c_master_buf_1_0' already exists; ignoring attempt to add it again.
WARNING: [IP_Flow 19-2248] Failed to load user IP repository '/home/agreshil/vivado_projects/i2c-master/x2o-vivado-usplus-control-i2c-master-pl/control/ip_repo/i2c_master_buf_1_0'; Can't find the specified path.
If this directory should no longer be in your list of user repositories, go to the IP Settings dialog and remove it.
INFO: [IP_Flow 19-1700] Loaded user IP repository '/home/agreshil/vivado_projects/i2c-master/x2o-vivado-usplus-control-i2c-master-pl/control/ip_repo/axis_jtag'.
INFO: [IP_Flow 19-2313] Loaded Vivado IP repository '/tools/Xilinx/Vivado/2022.2/data/ip'.
INFO: [IP_Flow 19-6924] IPCACHE: Running cache check for IP inst: design_1_xbar_3
Command: synth_design -top design_1_xbar_3 -part xck26-sfvc784-2LV-c -incremental_mode off -mode out_of_context
Starting synth_design
Attempting to get a license for feature 'Synthesis' and/or device 'xck26'
INFO: [Common 17-349] Got license for feature 'Synthesis' and/or device 'xck26'
INFO: [Device 21-403] Loading part xck26-sfvc784-2LV-c
INFO: [Synth 8-7079] Multithreading enabled for synth_design using a maximum of 4 processes.
INFO: [Synth 8-7078] Launching helper process for spawning children vivado processes
INFO: [Synth 8-7075] Helper process launched with PID 20932
INFO: [Synth 8-11241] undeclared symbol 'REGCCE', assumed default net type 'wire' [/tools/Xilinx/Vivado/2022.2/data/verilog/src/unimacro/BRAM_SINGLE_MACRO.v:2170]
---------------------------------------------------------------------------------
Starting RTL Elaboration : Time (s): cpu = 00:00:06 ; elapsed = 00:00:07 . Memory (MB): peak = 3068.031 ; gain = 236.742 ; free physical = 919 ; free virtual = 10330
Synthesis current peak Physical Memory [PSS] (MB): peak = 2262.701; parent = 2126.821; children = 135.880
Synthesis current peak Virtual Memory [VSS] (MB): peak = 4064.973; parent = 3077.941; children = 987.031
---------------------------------------------------------------------------------
INFO: [Synth 8-6157] synthesizing module 'design_1_xbar_3' [/home/agreshil/vivado_projects/i2c-master/x2o-vivado-usplus-control-i2c-master-pl/control/apex_kria/apex_kria.gen/sources_1/bd/design_1/ip/design_1_xbar_3/synth/design_1_xbar_3.v:53]
INFO: [Synth 8-6157] synthesizing module 'axi_crossbar_v2_1_28_axi_crossbar' [/home/agreshil/vivado_projects/i2c-master/x2o-vivado-usplus-control-i2c-master-pl/control/apex_kria/apex_kria.gen/sources_1/bd/design_1/ipshared/c40e/hdl/axi_crossbar_v2_1_vl_rfs.v:4883]
INFO: [Synth 8-6157] synthesizing module 'axi_crossbar_v2_1_28_crossbar' [/home/agreshil/vivado_projects/i2c-master/x2o-vivado-usplus-control-i2c-master-pl/control/apex_kria/apex_kria.gen/sources_1/bd/design_1/ipshared/c40e/hdl/axi_crossbar_v2_1_vl_rfs.v:2238]
INFO: [Synth 8-6157] synthesizing module 'axi_crossbar_v2_1_28_si_transactor' [/home/agreshil/vivado_projects/i2c-master/x2o-vivado-usplus-control-i2c-master-pl/control/apex_kria/apex_kria.gen/sources_1/bd/design_1/ipshared/c40e/hdl/axi_crossbar_v2_1_vl_rfs.v:3799]
INFO: [Synth 8-6157] synthesizing module 'axi_crossbar_v2_1_28_addr_decoder' [/home/agreshil/vivado_projects/i2c-master/x2o-vivado-usplus-control-i2c-master-pl/control/apex_kria/apex_kria.gen/sources_1/bd/design_1/ipshared/c40e/hdl/axi_crossbar_v2_1_vl_rfs.v:793]
INFO: [Synth 8-6157] synthesizing module 'generic_baseblocks_v2_1_0_comparator_static' [/home/agreshil/vivado_projects/i2c-master/x2o-vivado-usplus-control-i2c-master-pl/control/apex_kria/apex_kria.gen/sources_1/bd/design_1/ipshared/b752/hdl/generic_baseblocks_v2_1_vl_rfs.v:2132]
INFO: [Synth 8-6157] synthesizing module 'generic_baseblocks_v2_1_0_carry_and' [/home/agreshil/vivado_projects/i2c-master/x2o-vivado-usplus-control-i2c-master-pl/control/apex_kria/apex_kria.gen/sources_1/bd/design_1/ipshared/b752/hdl/generic_baseblocks_v2_1_vl_rfs.v:61]
INFO: [Synth 8-6155] done synthesizing module 'generic_baseblocks_v2_1_0_carry_and' (0#1) [/home/agreshil/vivado_projects/i2c-master/x2o-vivado-usplus-control-i2c-master-pl/control/apex_kria/apex_kria.gen/sources_1/bd/design_1/ipshared/b752/hdl/generic_baseblocks_v2_1_vl_rfs.v:61]
INFO: [Synth 8-6155] done synthesizing module 'generic_baseblocks_v2_1_0_comparator_static' (0#1) [/home/agreshil/vivado_projects/i2c-master/x2o-vivado-usplus-control-i2c-master-pl/control/apex_kria/apex_kria.gen/sources_1/bd/design_1/ipshared/b752/hdl/generic_baseblocks_v2_1_vl_rfs.v:2132]
INFO: [Synth 8-6157] synthesizing module 'generic_baseblocks_v2_1_0_comparator_static__parameterized0' [/home/agreshil/vivado_projects/i2c-master/x2o-vivado-usplus-control-i2c-master-pl/control/apex_kria/apex_kria.gen/sources_1/bd/design_1/ipshared/b752/hdl/generic_baseblocks_v2_1_vl_rfs.v:2132]
INFO: [Synth 8-6155] done synthesizing module 'generic_baseblocks_v2_1_0_comparator_static__parameterized0' (0#1) [/home/agreshil/vivado_projects/i2c-master/x2o-vivado-usplus-control-i2c-master-pl/control/apex_kria/apex_kria.gen/sources_1/bd/design_1/ipshared/b752/hdl/generic_baseblocks_v2_1_vl_rfs.v:2132]
INFO: [Synth 8-6157] synthesizing module 'generic_baseblocks_v2_1_0_comparator_static__parameterized1' [/home/agreshil/vivado_projects/i2c-master/x2o-vivado-usplus-control-i2c-master-pl/control/apex_kria/apex_kria.gen/sources_1/bd/design_1/ipshared/b752/hdl/generic_baseblocks_v2_1_vl_rfs.v:2132]
INFO: [Synth 8-6155] done synthesizing module 'generic_baseblocks_v2_1_0_comparator_static__parameterized1' (0#1) [/home/agreshil/vivado_projects/i2c-master/x2o-vivado-usplus-control-i2c-master-pl/control/apex_kria/apex_kria.gen/sources_1/bd/design_1/ipshared/b752/hdl/generic_baseblocks_v2_1_vl_rfs.v:2132]
INFO: [Synth 8-6157] synthesizing module 'generic_baseblocks_v2_1_0_comparator_static__parameterized2' [/home/agreshil/vivado_projects/i2c-master/x2o-vivado-usplus-control-i2c-master-pl/control/apex_kria/apex_kria.gen/sources_1/bd/design_1/ipshared/b752/hdl/generic_baseblocks_v2_1_vl_rfs.v:2132]
INFO: [Synth 8-6155] done synthesizing module 'generic_baseblocks_v2_1_0_comparator_static__parameterized2' (0#1) [/home/agreshil/vivado_projects/i2c-master/x2o-vivado-usplus-control-i2c-master-pl/control/apex_kria/apex_kria.gen/sources_1/bd/design_1/ipshared/b752/hdl/generic_baseblocks_v2_1_vl_rfs.v:2132]
INFO: [Synth 8-6155] done synthesizing module 'axi_crossbar_v2_1_28_addr_decoder' (0#1) [/home/agreshil/vivado_projects/i2c-master/x2o-vivado-usplus-control-i2c-master-pl/control/apex_kria/apex_kria.gen/sources_1/bd/design_1/ipshared/c40e/hdl/axi_crossbar_v2_1_vl_rfs.v:793]
INFO: [Synth 8-6157] synthesizing module 'axi_data_fifo_v2_1_26_axic_srl_fifo' [/home/agreshil/vivado_projects/i2c-master/x2o-vivado-usplus-control-i2c-master-pl/control/apex_kria/apex_kria.gen/sources_1/bd/design_1/ipshared/3111/hdl/axi_data_fifo_v2_1_vl_rfs.v:697]
INFO: [Synth 8-6157] synthesizing module 'axi_data_fifo_v2_1_26_ndeep_srl' [/home/agreshil/vivado_projects/i2c-master/x2o-vivado-usplus-control-i2c-master-pl/control/apex_kria/apex_kria.gen/sources_1/bd/design_1/ipshared/3111/hdl/axi_data_fifo_v2_1_vl_rfs.v:1134]
INFO: [Synth 8-6155] done synthesizing module 'axi_data_fifo_v2_1_26_ndeep_srl' (0#1) [/home/agreshil/vivado_projects/i2c-master/x2o-vivado-usplus-control-i2c-master-pl/control/apex_kria/apex_kria.gen/sources_1/bd/design_1/ipshared/3111/hdl/axi_data_fifo_v2_1_vl_rfs.v:1134]
INFO: [Synth 8-6155] done synthesizing module 'axi_data_fifo_v2_1_26_axic_srl_fifo' (0#1) [/home/agreshil/vivado_projects/i2c-master/x2o-vivado-usplus-control-i2c-master-pl/control/apex_kria/apex_kria.gen/sources_1/bd/design_1/ipshared/3111/hdl/axi_data_fifo_v2_1_vl_rfs.v:697]
INFO: [Synth 8-6157] synthesizing module 'generic_baseblocks_v2_1_0_mux_enc' [/home/agreshil/vivado_projects/i2c-master/x2o-vivado-usplus-control-i2c-master-pl/control/apex_kria/apex_kria.gen/sources_1/bd/design_1/ipshared/b752/hdl/generic_baseblocks_v2_1_vl_rfs.v:2451]
INFO: [Synth 8-6155] done synthesizing module 'generic_baseblocks_v2_1_0_mux_enc' (0#1) [/home/agreshil/vivado_projects/i2c-master/x2o-vivado-usplus-control-i2c-master-pl/control/apex_kria/apex_kria.gen/sources_1/bd/design_1/ipshared/b752/hdl/generic_baseblocks_v2_1_vl_rfs.v:2451]
INFO: [Synth 8-6155] done synthesizing module 'axi_crossbar_v2_1_28_si_transactor' (0#1) [/home/agreshil/vivado_projects/i2c-master/x2o-vivado-usplus-control-i2c-master-pl/control/apex_kria/apex_kria.gen/sources_1/bd/design_1/ipshared/c40e/hdl/axi_crossbar_v2_1_vl_rfs.v:3799]
INFO: [Synth 8-6157] synthesizing module 'axi_crossbar_v2_1_28_si_transactor__parameterized0' [/home/agreshil/vivado_projects/i2c-master/x2o-vivado-usplus-control-i2c-master-pl/control/apex_kria/apex_kria.gen/sources_1/bd/design_1/ipshared/c40e/hdl/axi_crossbar_v2_1_vl_rfs.v:3799]
INFO: [Synth 8-6157] synthesizing module 'generic_baseblocks_v2_1_0_mux_enc__parameterized0' [/home/agreshil/vivado_projects/i2c-master/x2o-vivado-usplus-control-i2c-master-pl/control/apex_kria/apex_kria.gen/sources_1/bd/design_1/ipshared/b752/hdl/generic_baseblocks_v2_1_vl_rfs.v:2451]
INFO: [Synth 8-6155] done synthesizing module 'generic_baseblocks_v2_1_0_mux_enc__parameterized0' (0#1) [/home/agreshil/vivado_projects/i2c-master/x2o-vivado-usplus-control-i2c-master-pl/control/apex_kria/apex_kria.gen/sources_1/bd/design_1/ipshared/b752/hdl/generic_baseblocks_v2_1_vl_rfs.v:2451]
INFO: [Synth 8-6155] done synthesizing module 'axi_crossbar_v2_1_28_si_transactor__parameterized0' (0#1) [/home/agreshil/vivado_projects/i2c-master/x2o-vivado-usplus-control-i2c-master-pl/control/apex_kria/apex_kria.gen/sources_1/bd/design_1/ipshared/c40e/hdl/axi_crossbar_v2_1_vl_rfs.v:3799]
INFO: [Synth 8-6157] synthesizing module 'axi_crossbar_v2_1_28_splitter' [/home/agreshil/vivado_projects/i2c-master/x2o-vivado-usplus-control-i2c-master-pl/control/apex_kria/apex_kria.gen/sources_1/bd/design_1/ipshared/c40e/hdl/axi_crossbar_v2_1_vl_rfs.v:4460]
INFO: [Synth 8-6155] done synthesizing module 'axi_crossbar_v2_1_28_splitter' (0#1) [/home/agreshil/vivado_projects/i2c-master/x2o-vivado-usplus-control-i2c-master-pl/control/apex_kria/apex_kria.gen/sources_1/bd/design_1/ipshared/c40e/hdl/axi_crossbar_v2_1_vl_rfs.v:4460]
INFO: [Synth 8-6157] synthesizing module 'axi_crossbar_v2_1_28_wdata_router' [/home/agreshil/vivado_projects/i2c-master/x2o-vivado-usplus-control-i2c-master-pl/control/apex_kria/apex_kria.gen/sources_1/bd/design_1/ipshared/c40e/hdl/axi_crossbar_v2_1_vl_rfs.v:4735]
INFO: [Synth 8-6157] synthesizing module 'axi_data_fifo_v2_1_26_axic_reg_srl_fifo' [/home/agreshil/vivado_projects/i2c-master/x2o-vivado-usplus-control-i2c-master-pl/control/apex_kria/apex_kria.gen/sources_1/bd/design_1/ipshared/3111/hdl/axi_data_fifo_v2_1_vl_rfs.v:888]
INFO: [Synth 8-155] case statement is not full and has no default [/home/agreshil/vivado_projects/i2c-master/x2o-vivado-usplus-control-i2c-master-pl/control/apex_kria/apex_kria.gen/sources_1/bd/design_1/ipshared/3111/hdl/axi_data_fifo_v2_1_vl_rfs.v:986]
INFO: [Synth 8-6155] done synthesizing module 'axi_data_fifo_v2_1_26_axic_reg_srl_fifo' (0#1) [/home/agreshil/vivado_projects/i2c-master/x2o-vivado-usplus-control-i2c-master-pl/control/apex_kria/apex_kria.gen/sources_1/bd/design_1/ipshared/3111/hdl/axi_data_fifo_v2_1_vl_rfs.v:888]
INFO: [Synth 8-6155] done synthesizing module 'axi_crossbar_v2_1_28_wdata_router' (0#1) [/home/agreshil/vivado_projects/i2c-master/x2o-vivado-usplus-control-i2c-master-pl/control/apex_kria/apex_kria.gen/sources_1/bd/design_1/ipshared/c40e/hdl/axi_crossbar_v2_1_vl_rfs.v:4735]
INFO: [Synth 8-6157] synthesizing module 'axi_crossbar_v2_1_28_si_transactor__parameterized1' [/home/agreshil/vivado_projects/i2c-master/x2o-vivado-usplus-control-i2c-master-pl/control/apex_kria/apex_kria.gen/sources_1/bd/design_1/ipshared/c40e/hdl/axi_crossbar_v2_1_vl_rfs.v:3799]
INFO: [Synth 8-6157] synthesizing module 'axi_data_fifo_v2_1_26_axic_srl_fifo__parameterized0' [/home/agreshil/vivado_projects/i2c-master/x2o-vivado-usplus-control-i2c-master-pl/control/apex_kria/apex_kria.gen/sources_1/bd/design_1/ipshared/3111/hdl/axi_data_fifo_v2_1_vl_rfs.v:697]
INFO: [Synth 8-6157] synthesizing module 'axi_data_fifo_v2_1_26_ndeep_srl__parameterized0' [/home/agreshil/vivado_projects/i2c-master/x2o-vivado-usplus-control-i2c-master-pl/control/apex_kria/apex_kria.gen/sources_1/bd/design_1/ipshared/3111/hdl/axi_data_fifo_v2_1_vl_rfs.v:1134]
INFO: [Synth 8-6155] done synthesizing module 'axi_data_fifo_v2_1_26_ndeep_srl__parameterized0' (0#1) [/home/agreshil/vivado_projects/i2c-master/x2o-vivado-usplus-control-i2c-master-pl/control/apex_kria/apex_kria.gen/sources_1/bd/design_1/ipshared/3111/hdl/axi_data_fifo_v2_1_vl_rfs.v:1134]
INFO: [Synth 8-6155] done synthesizing module 'axi_data_fifo_v2_1_26_axic_srl_fifo__parameterized0' (0#1) [/home/agreshil/vivado_projects/i2c-master/x2o-vivado-usplus-control-i2c-master-pl/control/apex_kria/apex_kria.gen/sources_1/bd/design_1/ipshared/3111/hdl/axi_data_fifo_v2_1_vl_rfs.v:697]
INFO: [Synth 8-6155] done synthesizing module 'axi_crossbar_v2_1_28_si_transactor__parameterized1' (0#1) [/home/agreshil/vivado_projects/i2c-master/x2o-vivado-usplus-control-i2c-master-pl/control/apex_kria/apex_kria.gen/sources_1/bd/design_1/ipshared/c40e/hdl/axi_crossbar_v2_1_vl_rfs.v:3799]
INFO: [Synth 8-6157] synthesizing module 'axi_crossbar_v2_1_28_si_transactor__parameterized2' [/home/agreshil/vivado_projects/i2c-master/x2o-vivado-usplus-control-i2c-master-pl/control/apex_kria/apex_kria.gen/sources_1/bd/design_1/ipshared/c40e/hdl/axi_crossbar_v2_1_vl_rfs.v:3799]
INFO: [Synth 8-6155] done synthesizing module 'axi_crossbar_v2_1_28_si_transactor__parameterized2' (0#1) [/home/agreshil/vivado_projects/i2c-master/x2o-vivado-usplus-control-i2c-master-pl/control/apex_kria/apex_kria.gen/sources_1/bd/design_1/ipshared/c40e/hdl/axi_crossbar_v2_1_vl_rfs.v:3799]
INFO: [Synth 8-6157] synthesizing module 'axi_crossbar_v2_1_28_wdata_router__parameterized0' [/home/agreshil/vivado_projects/i2c-master/x2o-vivado-usplus-control-i2c-master-pl/control/apex_kria/apex_kria.gen/sources_1/bd/design_1/ipshared/c40e/hdl/axi_crossbar_v2_1_vl_rfs.v:4735]
INFO: [Synth 8-6157] synthesizing module 'axi_data_fifo_v2_1_26_axic_reg_srl_fifo__parameterized0' [/home/agreshil/vivado_projects/i2c-master/x2o-vivado-usplus-control-i2c-master-pl/control/apex_kria/apex_kria.gen/sources_1/bd/design_1/ipshared/3111/hdl/axi_data_fifo_v2_1_vl_rfs.v:888]
INFO: [Synth 8-6157] synthesizing module 'axi_data_fifo_v2_1_26_ndeep_srl__parameterized1' [/home/agreshil/vivado_projects/i2c-master/x2o-vivado-usplus-control-i2c-master-pl/control/apex_kria/apex_kria.gen/sources_1/bd/design_1/ipshared/3111/hdl/axi_data_fifo_v2_1_vl_rfs.v:1134]
INFO: [Synth 8-6155] done synthesizing module 'axi_data_fifo_v2_1_26_ndeep_srl__parameterized1' (0#1) [/home/agreshil/vivado_projects/i2c-master/x2o-vivado-usplus-control-i2c-master-pl/control/apex_kria/apex_kria.gen/sources_1/bd/design_1/ipshared/3111/hdl/axi_data_fifo_v2_1_vl_rfs.v:1134]
INFO: [Synth 8-155] case statement is not full and has no default [/home/agreshil/vivado_projects/i2c-master/x2o-vivado-usplus-control-i2c-master-pl/control/apex_kria/apex_kria.gen/sources_1/bd/design_1/ipshared/3111/hdl/axi_data_fifo_v2_1_vl_rfs.v:986]
INFO: [Synth 8-6155] done synthesizing module 'axi_data_fifo_v2_1_26_axic_reg_srl_fifo__parameterized0' (0#1) [/home/agreshil/vivado_projects/i2c-master/x2o-vivado-usplus-control-i2c-master-pl/control/apex_kria/apex_kria.gen/sources_1/bd/design_1/ipshared/3111/hdl/axi_data_fifo_v2_1_vl_rfs.v:888]
INFO: [Synth 8-6155] done synthesizing module 'axi_crossbar_v2_1_28_wdata_router__parameterized0' (0#1) [/home/agreshil/vivado_projects/i2c-master/x2o-vivado-usplus-control-i2c-master-pl/control/apex_kria/apex_kria.gen/sources_1/bd/design_1/ipshared/c40e/hdl/axi_crossbar_v2_1_vl_rfs.v:4735]
INFO: [Synth 8-6157] synthesizing module 'axi_crossbar_v2_1_28_addr_decoder__parameterized0' [/home/agreshil/vivado_projects/i2c-master/x2o-vivado-usplus-control-i2c-master-pl/control/apex_kria/apex_kria.gen/sources_1/bd/design_1/ipshared/c40e/hdl/axi_crossbar_v2_1_vl_rfs.v:793]
INFO: [Synth 8-6155] done synthesizing module 'axi_crossbar_v2_1_28_addr_decoder__parameterized0' (0#1) [/home/agreshil/vivado_projects/i2c-master/x2o-vivado-usplus-control-i2c-master-pl/control/apex_kria/apex_kria.gen/sources_1/bd/design_1/ipshared/c40e/hdl/axi_crossbar_v2_1_vl_rfs.v:793]
INFO: [Synth 8-6157] synthesizing module 'axi_crossbar_v2_1_28_addr_decoder__parameterized1' [/home/agreshil/vivado_projects/i2c-master/x2o-vivado-usplus-control-i2c-master-pl/control/apex_kria/apex_kria.gen/sources_1/bd/design_1/ipshared/c40e/hdl/axi_crossbar_v2_1_vl_rfs.v:793]
INFO: [Synth 8-6155] done synthesizing module 'axi_crossbar_v2_1_28_addr_decoder__parameterized1' (0#1) [/home/agreshil/vivado_projects/i2c-master/x2o-vivado-usplus-control-i2c-master-pl/control/apex_kria/apex_kria.gen/sources_1/bd/design_1/ipshared/c40e/hdl/axi_crossbar_v2_1_vl_rfs.v:793]
INFO: [Synth 8-6157] synthesizing module 'axi_data_fifo_v2_1_26_axic_srl_fifo__parameterized1' [/home/agreshil/vivado_projects/i2c-master/x2o-vivado-usplus-control-i2c-master-pl/control/apex_kria/apex_kria.gen/sources_1/bd/design_1/ipshared/3111/hdl/axi_data_fifo_v2_1_vl_rfs.v:697]
INFO: [Synth 8-6155] done synthesizing module 'axi_data_fifo_v2_1_26_axic_srl_fifo__parameterized1' (0#1) [/home/agreshil/vivado_projects/i2c-master/x2o-vivado-usplus-control-i2c-master-pl/control/apex_kria/apex_kria.gen/sources_1/bd/design_1/ipshared/3111/hdl/axi_data_fifo_v2_1_vl_rfs.v:697]
INFO: [Synth 8-6157] synthesizing module 'axi_crossbar_v2_1_28_wdata_mux' [/home/agreshil/vivado_projects/i2c-master/x2o-vivado-usplus-control-i2c-master-pl/control/apex_kria/apex_kria.gen/sources_1/bd/design_1/ipshared/c40e/hdl/axi_crossbar_v2_1_vl_rfs.v:4560]
INFO: [Synth 8-6157] synthesizing module 'axi_data_fifo_v2_1_26_axic_reg_srl_fifo__parameterized1' [/home/agreshil/vivado_projects/i2c-master/x2o-vivado-usplus-control-i2c-master-pl/control/apex_kria/apex_kria.gen/sources_1/bd/design_1/ipshared/3111/hdl/axi_data_fifo_v2_1_vl_rfs.v:888]
INFO: [Synth 8-155] case statement is not full and has no default [/home/agreshil/vivado_projects/i2c-master/x2o-vivado-usplus-control-i2c-master-pl/control/apex_kria/apex_kria.gen/sources_1/bd/design_1/ipshared/3111/hdl/axi_data_fifo_v2_1_vl_rfs.v:986]
INFO: [Synth 8-6155] done synthesizing module 'axi_data_fifo_v2_1_26_axic_reg_srl_fifo__parameterized1' (0#1) [/home/agreshil/vivado_projects/i2c-master/x2o-vivado-usplus-control-i2c-master-pl/control/apex_kria/apex_kria.gen/sources_1/bd/design_1/ipshared/3111/hdl/axi_data_fifo_v2_1_vl_rfs.v:888]
INFO: [Synth 8-6157] synthesizing module 'generic_baseblocks_v2_1_0_mux_enc__parameterized1' [/home/agreshil/vivado_projects/i2c-master/x2o-vivado-usplus-control-i2c-master-pl/control/apex_kria/apex_kria.gen/sources_1/bd/design_1/ipshared/b752/hdl/generic_baseblocks_v2_1_vl_rfs.v:2451]
INFO: [Synth 8-6155] done synthesizing module 'generic_baseblocks_v2_1_0_mux_enc__parameterized1' (0#1) [/home/agreshil/vivado_projects/i2c-master/x2o-vivado-usplus-control-i2c-master-pl/control/apex_kria/apex_kria.gen/sources_1/bd/design_1/ipshared/b752/hdl/generic_baseblocks_v2_1_vl_rfs.v:2451]
INFO: [Synth 8-6155] done synthesizing module 'axi_crossbar_v2_1_28_wdata_mux' (0#1) [/home/agreshil/vivado_projects/i2c-master/x2o-vivado-usplus-control-i2c-master-pl/control/apex_kria/apex_kria.gen/sources_1/bd/design_1/ipshared/c40e/hdl/axi_crossbar_v2_1_vl_rfs.v:4560]
INFO: [Synth 8-6157] synthesizing module 'axi_register_slice_v2_1_27_axi_register_slice' [/home/agreshil/vivado_projects/i2c-master/x2o-vivado-usplus-control-i2c-master-pl/control/apex_kria/apex_kria.gen/sources_1/bd/design_1/ipshared/f0b4/hdl/axi_register_slice_v2_1_vl_rfs.v:3725]
INFO: [Synth 8-6157] synthesizing module 'axi_infrastructure_v1_1_0_axi2vector' [/home/agreshil/vivado_projects/i2c-master/x2o-vivado-usplus-control-i2c-master-pl/control/apex_kria/apex_kria.gen/sources_1/bd/design_1/ipshared/ec67/hdl/axi_infrastructure_v1_1_vl_rfs.v:59]
INFO: [Synth 8-6155] done synthesizing module 'axi_infrastructure_v1_1_0_axi2vector' (0#1) [/home/agreshil/vivado_projects/i2c-master/x2o-vivado-usplus-control-i2c-master-pl/control/apex_kria/apex_kria.gen/sources_1/bd/design_1/ipshared/ec67/hdl/axi_infrastructure_v1_1_vl_rfs.v:59]
INFO: [Synth 8-6157] synthesizing module 'axi_infrastructure_v1_1_0_vector2axi' [/home/agreshil/vivado_projects/i2c-master/x2o-vivado-usplus-control-i2c-master-pl/control/apex_kria/apex_kria.gen/sources_1/bd/design_1/ipshared/ec67/hdl/axi_infrastructure_v1_1_vl_rfs.v:473]
INFO: [Synth 8-6155] done synthesizing module 'axi_infrastructure_v1_1_0_vector2axi' (0#1) [/home/agreshil/vivado_projects/i2c-master/x2o-vivado-usplus-control-i2c-master-pl/control/apex_kria/apex_kria.gen/sources_1/bd/design_1/ipshared/ec67/hdl/axi_infrastructure_v1_1_vl_rfs.v:473]
INFO: [Synth 8-6157] synthesizing module 'axi_register_slice_v2_1_27_axic_register_slice' [/home/agreshil/vivado_projects/i2c-master/x2o-vivado-usplus-control-i2c-master-pl/control/apex_kria/apex_kria.gen/sources_1/bd/design_1/ipshared/f0b4/hdl/axi_register_slice_v2_1_vl_rfs.v:1497]
INFO: [Synth 8-6155] done synthesizing module 'axi_register_slice_v2_1_27_axic_register_slice' (0#1) [/home/agreshil/vivado_projects/i2c-master/x2o-vivado-usplus-control-i2c-master-pl/control/apex_kria/apex_kria.gen/sources_1/bd/design_1/ipshared/f0b4/hdl/axi_register_slice_v2_1_vl_rfs.v:1497]
INFO: [Synth 8-6157] synthesizing module 'axi_register_slice_v2_1_27_axic_register_slice__parameterized0' [/home/agreshil/vivado_projects/i2c-master/x2o-vivado-usplus-control-i2c-master-pl/control/apex_kria/apex_kria.gen/sources_1/bd/design_1/ipshared/f0b4/hdl/axi_register_slice_v2_1_vl_rfs.v:1497]
INFO: [Synth 8-6155] done synthesizing module 'axi_register_slice_v2_1_27_axic_register_slice__parameterized0' (0#1) [/home/agreshil/vivado_projects/i2c-master/x2o-vivado-usplus-control-i2c-master-pl/control/apex_kria/apex_kria.gen/sources_1/bd/design_1/ipshared/f0b4/hdl/axi_register_slice_v2_1_vl_rfs.v:1497]
INFO: [Synth 8-6157] synthesizing module 'axi_register_slice_v2_1_27_axic_register_slice__parameterized1' [/home/agreshil/vivado_projects/i2c-master/x2o-vivado-usplus-control-i2c-master-pl/control/apex_kria/apex_kria.gen/sources_1/bd/design_1/ipshared/f0b4/hdl/axi_register_slice_v2_1_vl_rfs.v:1497]
INFO: [Synth 8-6155] done synthesizing module 'axi_register_slice_v2_1_27_axic_register_slice__parameterized1' (0#1) [/home/agreshil/vivado_projects/i2c-master/x2o-vivado-usplus-control-i2c-master-pl/control/apex_kria/apex_kria.gen/sources_1/bd/design_1/ipshared/f0b4/hdl/axi_register_slice_v2_1_vl_rfs.v:1497]
INFO: [Synth 8-6157] synthesizing module 'axi_register_slice_v2_1_27_axic_register_slice__parameterized2' [/home/agreshil/vivado_projects/i2c-master/x2o-vivado-usplus-control-i2c-master-pl/control/apex_kria/apex_kria.gen/sources_1/bd/design_1/ipshared/f0b4/hdl/axi_register_slice_v2_1_vl_rfs.v:1497]
INFO: [Synth 8-6155] done synthesizing module 'axi_register_slice_v2_1_27_axic_register_slice__parameterized2' (0#1) [/home/agreshil/vivado_projects/i2c-master/x2o-vivado-usplus-control-i2c-master-pl/control/apex_kria/apex_kria.gen/sources_1/bd/design_1/ipshared/f0b4/hdl/axi_register_slice_v2_1_vl_rfs.v:1497]
INFO: [Synth 8-6155] done synthesizing module 'axi_register_slice_v2_1_27_axi_register_slice' (0#1) [/home/agreshil/vivado_projects/i2c-master/x2o-vivado-usplus-control-i2c-master-pl/control/apex_kria/apex_kria.gen/sources_1/bd/design_1/ipshared/f0b4/hdl/axi_register_slice_v2_1_vl_rfs.v:3725]
WARNING: [Synth 8-7071] port 'aclk2x' of module 'axi_register_slice_v2_1_27_axi_register_slice' is unconnected for instance 'reg_slice_mi' [/home/agreshil/vivado_projects/i2c-master/x2o-vivado-usplus-control-i2c-master-pl/control/apex_kria/apex_kria.gen/sources_1/bd/design_1/ipshared/c40e/hdl/axi_crossbar_v2_1_vl_rfs.v:3122]
WARNING: [Synth 8-7023] instance 'reg_slice_mi' of module 'axi_register_slice_v2_1_27_axi_register_slice' has 93 connections declared, but only 92 given [/home/agreshil/vivado_projects/i2c-master/x2o-vivado-usplus-control-i2c-master-pl/control/apex_kria/apex_kria.gen/sources_1/bd/design_1/ipshared/c40e/hdl/axi_crossbar_v2_1_vl_rfs.v:3122]
INFO: [Synth 8-6157] synthesizing module 'axi_crossbar_v2_1_28_addr_decoder__parameterized2' [/home/agreshil/vivado_projects/i2c-master/x2o-vivado-usplus-control-i2c-master-pl/control/apex_kria/apex_kria.gen/sources_1/bd/design_1/ipshared/c40e/hdl/axi_crossbar_v2_1_vl_rfs.v:793]
INFO: [Synth 8-6155] done synthesizing module 'axi_crossbar_v2_1_28_addr_decoder__parameterized2' (0#1) [/home/agreshil/vivado_projects/i2c-master/x2o-vivado-usplus-control-i2c-master-pl/control/apex_kria/apex_kria.gen/sources_1/bd/design_1/ipshared/c40e/hdl/axi_crossbar_v2_1_vl_rfs.v:793]
INFO: [Synth 8-6157] synthesizing module 'axi_data_fifo_v2_1_26_axic_srl_fifo__parameterized2' [/home/agreshil/vivado_projects/i2c-master/x2o-vivado-usplus-control-i2c-master-pl/control/apex_kria/apex_kria.gen/sources_1/bd/design_1/ipshared/3111/hdl/axi_data_fifo_v2_1_vl_rfs.v:697]
INFO: [Synth 8-6155] done synthesizing module 'axi_data_fifo_v2_1_26_axic_srl_fifo__parameterized2' (0#1) [/home/agreshil/vivado_projects/i2c-master/x2o-vivado-usplus-control-i2c-master-pl/control/apex_kria/apex_kria.gen/sources_1/bd/design_1/ipshared/3111/hdl/axi_data_fifo_v2_1_vl_rfs.v:697]
INFO: [Synth 8-6157] synthesizing module 'axi_crossbar_v2_1_28_wdata_mux__parameterized0' [/home/agreshil/vivado_projects/i2c-master/x2o-vivado-usplus-control-i2c-master-pl/control/apex_kria/apex_kria.gen/sources_1/bd/design_1/ipshared/c40e/hdl/axi_crossbar_v2_1_vl_rfs.v:4560]
INFO: [Synth 8-6157] synthesizing module 'axi_data_fifo_v2_1_26_axic_reg_srl_fifo__parameterized2' [/home/agreshil/vivado_projects/i2c-master/x2o-vivado-usplus-control-i2c-master-pl/control/apex_kria/apex_kria.gen/sources_1/bd/design_1/ipshared/3111/hdl/axi_data_fifo_v2_1_vl_rfs.v:888]
INFO: [Synth 8-155] case statement is not full and has no default [/home/agreshil/vivado_projects/i2c-master/x2o-vivado-usplus-control-i2c-master-pl/control/apex_kria/apex_kria.gen/sources_1/bd/design_1/ipshared/3111/hdl/axi_data_fifo_v2_1_vl_rfs.v:986]
INFO: [Synth 8-6155] done synthesizing module 'axi_data_fifo_v2_1_26_axic_reg_srl_fifo__parameterized2' (0#1) [/home/agreshil/vivado_projects/i2c-master/x2o-vivado-usplus-control-i2c-master-pl/control/apex_kria/apex_kria.gen/sources_1/bd/design_1/ipshared/3111/hdl/axi_data_fifo_v2_1_vl_rfs.v:888]
INFO: [Synth 8-6155] done synthesizing module 'axi_crossbar_v2_1_28_wdata_mux__parameterized0' (0#1) [/home/agreshil/vivado_projects/i2c-master/x2o-vivado-usplus-control-i2c-master-pl/control/apex_kria/apex_kria.gen/sources_1/bd/design_1/ipshared/c40e/hdl/axi_crossbar_v2_1_vl_rfs.v:4560]
WARNING: [Synth 8-7071] port 'aclk2x' of module 'axi_register_slice_v2_1_27_axi_register_slice' is unconnected for instance 'reg_slice_mi' [/home/agreshil/vivado_projects/i2c-master/x2o-vivado-usplus-control-i2c-master-pl/control/apex_kria/apex_kria.gen/sources_1/bd/design_1/ipshared/c40e/hdl/axi_crossbar_v2_1_vl_rfs.v:3122]
WARNING: [Synth 8-7023] instance 'reg_slice_mi' of module 'axi_register_slice_v2_1_27_axi_register_slice' has 93 connections declared, but only 92 given [/home/agreshil/vivado_projects/i2c-master/x2o-vivado-usplus-control-i2c-master-pl/control/apex_kria/apex_kria.gen/sources_1/bd/design_1/ipshared/c40e/hdl/axi_crossbar_v2_1_vl_rfs.v:3122]
INFO: [Synth 8-6157] synthesizing module 'axi_crossbar_v2_1_28_decerr_slave' [/home/agreshil/vivado_projects/i2c-master/x2o-vivado-usplus-control-i2c-master-pl/control/apex_kria/apex_kria.gen/sources_1/bd/design_1/ipshared/c40e/hdl/axi_crossbar_v2_1_vl_rfs.v:3500]
INFO: [Synth 8-155] case statement is not full and has no default [/home/agreshil/vivado_projects/i2c-master/x2o-vivado-usplus-control-i2c-master-pl/control/apex_kria/apex_kria.gen/sources_1/bd/design_1/ipshared/c40e/hdl/axi_crossbar_v2_1_vl_rfs.v:3633]
INFO: [Synth 8-6155] done synthesizing module 'axi_crossbar_v2_1_28_decerr_slave' (0#1) [/home/agreshil/vivado_projects/i2c-master/x2o-vivado-usplus-control-i2c-master-pl/control/apex_kria/apex_kria.gen/sources_1/bd/design_1/ipshared/c40e/hdl/axi_crossbar_v2_1_vl_rfs.v:3500]
INFO: [Synth 8-6157] synthesizing module 'axi_crossbar_v2_1_28_addr_arbiter' [/home/agreshil/vivado_projects/i2c-master/x2o-vivado-usplus-control-i2c-master-pl/control/apex_kria/apex_kria.gen/sources_1/bd/design_1/ipshared/c40e/hdl/axi_crossbar_v2_1_vl_rfs.v:422]
INFO: [Synth 8-6157] synthesizing module 'generic_baseblocks_v2_1_0_mux_enc__parameterized2' [/home/agreshil/vivado_projects/i2c-master/x2o-vivado-usplus-control-i2c-master-pl/control/apex_kria/apex_kria.gen/sources_1/bd/design_1/ipshared/b752/hdl/generic_baseblocks_v2_1_vl_rfs.v:2451]
INFO: [Synth 8-6155] done synthesizing module 'generic_baseblocks_v2_1_0_mux_enc__parameterized2' (0#1) [/home/agreshil/vivado_projects/i2c-master/x2o-vivado-usplus-control-i2c-master-pl/control/apex_kria/apex_kria.gen/sources_1/bd/design_1/ipshared/b752/hdl/generic_baseblocks_v2_1_vl_rfs.v:2451]
INFO: [Synth 8-6157] synthesizing module 'generic_baseblocks_v2_1_0_mux_enc__parameterized3' [/home/agreshil/vivado_projects/i2c-master/x2o-vivado-usplus-control-i2c-master-pl/control/apex_kria/apex_kria.gen/sources_1/bd/design_1/ipshared/b752/hdl/generic_baseblocks_v2_1_vl_rfs.v:2451]
INFO: [Synth 8-6155] done synthesizing module 'generic_baseblocks_v2_1_0_mux_enc__parameterized3' (0#1) [/home/agreshil/vivado_projects/i2c-master/x2o-vivado-usplus-control-i2c-master-pl/control/apex_kria/apex_kria.gen/sources_1/bd/design_1/ipshared/b752/hdl/generic_baseblocks_v2_1_vl_rfs.v:2451]
INFO: [Synth 8-6155] done synthesizing module 'axi_crossbar_v2_1_28_addr_arbiter' (0#1) [/home/agreshil/vivado_projects/i2c-master/x2o-vivado-usplus-control-i2c-master-pl/control/apex_kria/apex_kria.gen/sources_1/bd/design_1/ipshared/c40e/hdl/axi_crossbar_v2_1_vl_rfs.v:422]
INFO: [Synth 8-6155] done synthesizing module 'axi_crossbar_v2_1_28_crossbar' (0#1) [/home/agreshil/vivado_projects/i2c-master/x2o-vivado-usplus-control-i2c-master-pl/control/apex_kria/apex_kria.gen/sources_1/bd/design_1/ipshared/c40e/hdl/axi_crossbar_v2_1_vl_rfs.v:2238]
INFO: [Synth 8-6155] done synthesizing module 'axi_crossbar_v2_1_28_axi_crossbar' (0#1) [/home/agreshil/vivado_projects/i2c-master/x2o-vivado-usplus-control-i2c-master-pl/control/apex_kria/apex_kria.gen/sources_1/bd/design_1/ipshared/c40e/hdl/axi_crossbar_v2_1_vl_rfs.v:4883]
INFO: [Synth 8-6155] done synthesizing module 'design_1_xbar_3' (0#1) [/home/agreshil/vivado_projects/i2c-master/x2o-vivado-usplus-control-i2c-master-pl/control/apex_kria/apex_kria.gen/sources_1/bd/design_1/ip/design_1_xbar_3/synth/design_1_xbar_3.v:53]
WARNING: [Synth 8-6014] Unused sequential element areset_d1_reg was removed.  [/home/agreshil/vivado_projects/i2c-master/x2o-vivado-usplus-control-i2c-master-pl/control/apex_kria/apex_kria.gen/sources_1/bd/design_1/ipshared/3111/hdl/axi_data_fifo_v2_1_vl_rfs.v:750]
WARNING: [Synth 8-6014] Unused sequential element S_READY_i_reg was removed.  [/home/agreshil/vivado_projects/i2c-master/x2o-vivado-usplus-control-i2c-master-pl/control/apex_kria/apex_kria.gen/sources_1/bd/design_1/ipshared/3111/hdl/axi_data_fifo_v2_1_vl_rfs.v:789]
WARNING: [Synth 8-6014] Unused sequential element gen_single_thread.gen_debug_r_single_thread.debug_r_beat_cnt_i_reg was removed.  [/home/agreshil/vivado_projects/i2c-master/x2o-vivado-usplus-control-i2c-master-pl/control/apex_kria/apex_kria.gen/sources_1/bd/design_1/ipshared/c40e/hdl/axi_crossbar_v2_1_vl_rfs.v:4192]
WARNING: [Synth 8-6014] Unused sequential element gen_single_thread.active_id_reg was removed.  [/home/agreshil/vivado_projects/i2c-master/x2o-vivado-usplus-control-i2c-master-pl/control/apex_kria/apex_kria.gen/sources_1/bd/design_1/ipshared/c40e/hdl/axi_crossbar_v2_1_vl_rfs.v:4150]
WARNING: [Synth 8-6014] Unused sequential element gen_single_thread.gen_debug_r_single_thread.debug_r_beat_cnt_i_reg was removed.  [/home/agreshil/vivado_projects/i2c-master/x2o-vivado-usplus-control-i2c-master-pl/control/apex_kria/apex_kria.gen/sources_1/bd/design_1/ipshared/c40e/hdl/axi_crossbar_v2_1_vl_rfs.v:4192]
WARNING: [Synth 8-6014] Unused sequential element gen_single_thread.active_id_reg was removed.  [/home/agreshil/vivado_projects/i2c-master/x2o-vivado-usplus-control-i2c-master-pl/control/apex_kria/apex_kria.gen/sources_1/bd/design_1/ipshared/c40e/hdl/axi_crossbar_v2_1_vl_rfs.v:4150]
WARNING: [Synth 8-6014] Unused sequential element areset_d1_reg was removed.  [/home/agreshil/vivado_projects/i2c-master/x2o-vivado-usplus-control-i2c-master-pl/control/apex_kria/apex_kria.gen/sources_1/bd/design_1/ipshared/3111/hdl/axi_data_fifo_v2_1_vl_rfs.v:750]
WARNING: [Synth 8-6014] Unused sequential element S_READY_i_reg was removed.  [/home/agreshil/vivado_projects/i2c-master/x2o-vivado-usplus-control-i2c-master-pl/control/apex_kria/apex_kria.gen/sources_1/bd/design_1/ipshared/3111/hdl/axi_data_fifo_v2_1_vl_rfs.v:789]
WARNING: [Synth 8-6014] Unused sequential element gen_single_thread.gen_debug_r_single_thread.debug_r_beat_cnt_i_reg was removed.  [/home/agreshil/vivado_projects/i2c-master/x2o-vivado-usplus-control-i2c-master-pl/control/apex_kria/apex_kria.gen/sources_1/bd/design_1/ipshared/c40e/hdl/axi_crossbar_v2_1_vl_rfs.v:4192]
WARNING: [Synth 8-6014] Unused sequential element gen_single_thread.active_id_reg was removed.  [/home/agreshil/vivado_projects/i2c-master/x2o-vivado-usplus-control-i2c-master-pl/control/apex_kria/apex_kria.gen/sources_1/bd/design_1/ipshared/c40e/hdl/axi_crossbar_v2_1_vl_rfs.v:4150]
WARNING: [Synth 8-6014] Unused sequential element gen_single_thread.gen_debug_r_single_thread.debug_r_beat_cnt_i_reg was removed.  [/home/agreshil/vivado_projects/i2c-master/x2o-vivado-usplus-control-i2c-master-pl/control/apex_kria/apex_kria.gen/sources_1/bd/design_1/ipshared/c40e/hdl/axi_crossbar_v2_1_vl_rfs.v:4192]
WARNING: [Synth 8-6014] Unused sequential element gen_single_thread.active_id_reg was removed.  [/home/agreshil/vivado_projects/i2c-master/x2o-vivado-usplus-control-i2c-master-pl/control/apex_kria/apex_kria.gen/sources_1/bd/design_1/ipshared/c40e/hdl/axi_crossbar_v2_1_vl_rfs.v:4150]
WARNING: [Synth 8-6014] Unused sequential element areset_d1_reg was removed.  [/home/agreshil/vivado_projects/i2c-master/x2o-vivado-usplus-control-i2c-master-pl/control/apex_kria/apex_kria.gen/sources_1/bd/design_1/ipshared/3111/hdl/axi_data_fifo_v2_1_vl_rfs.v:750]
WARNING: [Synth 8-6014] Unused sequential element S_READY_i_reg was removed.  [/home/agreshil/vivado_projects/i2c-master/x2o-vivado-usplus-control-i2c-master-pl/control/apex_kria/apex_kria.gen/sources_1/bd/design_1/ipshared/3111/hdl/axi_data_fifo_v2_1_vl_rfs.v:789]
WARNING: [Synth 8-6014] Unused sequential element s_ready_i_reg was removed.  [/home/agreshil/vivado_projects/i2c-master/x2o-vivado-usplus-control-i2c-master-pl/control/apex_kria/apex_kria.gen/sources_1/bd/design_1/ipshared/3111/hdl/axi_data_fifo_v2_1_vl_rfs.v:1038]
WARNING: [Synth 8-6014] Unused sequential element areset_d1_reg was removed.  [/home/agreshil/vivado_projects/i2c-master/x2o-vivado-usplus-control-i2c-master-pl/control/apex_kria/apex_kria.gen/sources_1/bd/design_1/ipshared/3111/hdl/axi_data_fifo_v2_1_vl_rfs.v:750]
WARNING: [Synth 8-6014] Unused sequential element S_READY_i_reg was removed.  [/home/agreshil/vivado_projects/i2c-master/x2o-vivado-usplus-control-i2c-master-pl/control/apex_kria/apex_kria.gen/sources_1/bd/design_1/ipshared/3111/hdl/axi_data_fifo_v2_1_vl_rfs.v:789]
WARNING: [Synth 8-6014] Unused sequential element s_ready_i_reg was removed.  [/home/agreshil/vivado_projects/i2c-master/x2o-vivado-usplus-control-i2c-master-pl/control/apex_kria/apex_kria.gen/sources_1/bd/design_1/ipshared/3111/hdl/axi_data_fifo_v2_1_vl_rfs.v:1038]
WARNING: [Synth 8-6014] Unused sequential element gen_master_slots[0].gen_mi_write.gen_debug_w.debug_w_beat_cnt_i_reg was removed.  [/home/agreshil/vivado_projects/i2c-master/x2o-vivado-usplus-control-i2c-master-pl/control/apex_kria/apex_kria.gen/sources_1/bd/design_1/ipshared/c40e/hdl/axi_crossbar_v2_1_vl_rfs.v:2997]
WARNING: [Synth 8-6014] Unused sequential element gen_master_slots[1].gen_mi_write.gen_debug_w.debug_w_beat_cnt_i_reg was removed.  [/home/agreshil/vivado_projects/i2c-master/x2o-vivado-usplus-control-i2c-master-pl/control/apex_kria/apex_kria.gen/sources_1/bd/design_1/ipshared/c40e/hdl/axi_crossbar_v2_1_vl_rfs.v:2997]
WARNING: [Synth 8-7129] Port ACLK in module axi_register_slice_v2_1_27_axic_register_slice is either unconnected or has no load
WARNING: [Synth 8-7129] Port ARESET in module axi_register_slice_v2_1_27_axic_register_slice is either unconnected or has no load
WARNING: [Synth 8-7129] Port ACLK in module axi_register_slice_v2_1_27_axic_register_slice__parameterized0 is either unconnected or has no load
WARNING: [Synth 8-7129] Port ARESET in module axi_register_slice_v2_1_27_axic_register_slice__parameterized0 is either unconnected or has no load
WARNING: [Synth 8-7129] Port m_axi_buser[0] in module axi_infrastructure_v1_1_0_vector2axi is either unconnected or has no load
WARNING: [Synth 8-7129] Port m_axi_ruser[0] in module axi_infrastructure_v1_1_0_vector2axi is either unconnected or has no load
WARNING: [Synth 8-7129] Port s_axi_awuser[0] in module axi_infrastructure_v1_1_0_axi2vector is either unconnected or has no load
WARNING: [Synth 8-7129] Port s_axi_wid[1] in module axi_infrastructure_v1_1_0_axi2vector is either unconnected or has no load
WARNING: [Synth 8-7129] Port s_axi_wid[0] in module axi_infrastructure_v1_1_0_axi2vector is either unconnected or has no load
WARNING: [Synth 8-7129] Port s_axi_wuser[0] in module axi_infrastructure_v1_1_0_axi2vector is either unconnected or has no load
WARNING: [Synth 8-7129] Port s_axi_aruser[0] in module axi_infrastructure_v1_1_0_axi2vector is either unconnected or has no load
WARNING: [Synth 8-7129] Port aclk2x in module axi_register_slice_v2_1_27_axi_register_slice is either unconnected or has no load
WARNING: [Synth 8-7129] Port ADDR[1] in module axi_crossbar_v2_1_28_addr_decoder is either unconnected or has no load
WARNING: [Synth 8-7129] Port ADDR[0] in module axi_crossbar_v2_1_28_addr_decoder is either unconnected or has no load
WARNING: [Synth 8-7129] Port S_ABURST[1] in module axi_crossbar_v2_1_28_si_transactor__parameterized2 is either unconnected or has no load
WARNING: [Synth 8-7129] Port S_ABURST[0] in module axi_crossbar_v2_1_28_si_transactor__parameterized2 is either unconnected or has no load
WARNING: [Synth 8-7129] Port S_ABURST[1] in module axi_crossbar_v2_1_28_si_transactor__parameterized1 is either unconnected or has no load
WARNING: [Synth 8-7129] Port S_ABURST[0] in module axi_crossbar_v2_1_28_si_transactor__parameterized1 is either unconnected or has no load
WARNING: [Synth 8-7129] Port S_ABURST[1] in module axi_crossbar_v2_1_28_si_transactor__parameterized0 is either unconnected or has no load
WARNING: [Synth 8-7129] Port S_ABURST[0] in module axi_crossbar_v2_1_28_si_transactor__parameterized0 is either unconnected or has no load
WARNING: [Synth 8-7129] Port S_ABURST[1] in module axi_crossbar_v2_1_28_si_transactor is either unconnected or has no load
WARNING: [Synth 8-7129] Port S_ABURST[0] in module axi_crossbar_v2_1_28_si_transactor is either unconnected or has no load
WARNING: [Synth 8-7129] Port S_AXI_AWID[5] in module axi_crossbar_v2_1_28_crossbar is either unconnected or has no load
WARNING: [Synth 8-7129] Port S_AXI_AWID[4] in module axi_crossbar_v2_1_28_crossbar is either unconnected or has no load
WARNING: [Synth 8-7129] Port S_AXI_AWID[3] in module axi_crossbar_v2_1_28_crossbar is either unconnected or has no load
WARNING: [Synth 8-7129] Port S_AXI_AWID[2] in module axi_crossbar_v2_1_28_crossbar is either unconnected or has no load
WARNING: [Synth 8-7129] Port S_AXI_AWID[1] in module axi_crossbar_v2_1_28_crossbar is either unconnected or has no load
WARNING: [Synth 8-7129] Port S_AXI_AWID[0] in module axi_crossbar_v2_1_28_crossbar is either unconnected or has no load
WARNING: [Synth 8-7129] Port S_AXI_AWADDR[127] in module axi_crossbar_v2_1_28_crossbar is either unconnected or has no load
WARNING: [Synth 8-7129] Port S_AXI_AWADDR[126] in module axi_crossbar_v2_1_28_crossbar is either unconnected or has no load
WARNING: [Synth 8-7129] Port S_AXI_AWADDR[125] in module axi_crossbar_v2_1_28_crossbar is either unconnected or has no load
WARNING: [Synth 8-7129] Port S_AXI_AWADDR[124] in module axi_crossbar_v2_1_28_crossbar is either unconnected or has no load
WARNING: [Synth 8-7129] Port S_AXI_AWADDR[123] in module axi_crossbar_v2_1_28_crossbar is either unconnected or has no load
WARNING: [Synth 8-7129] Port S_AXI_AWADDR[122] in module axi_crossbar_v2_1_28_crossbar is either unconnected or has no load
WARNING: [Synth 8-7129] Port S_AXI_AWADDR[121] in module axi_crossbar_v2_1_28_crossbar is either unconnected or has no load
WARNING: [Synth 8-7129] Port S_AXI_AWADDR[120] in module axi_crossbar_v2_1_28_crossbar is either unconnected or has no load
WARNING: [Synth 8-7129] Port S_AXI_AWADDR[119] in module axi_crossbar_v2_1_28_crossbar is either unconnected or has no load
WARNING: [Synth 8-7129] Port S_AXI_AWADDR[118] in module axi_crossbar_v2_1_28_crossbar is either unconnected or has no load
WARNING: [Synth 8-7129] Port S_AXI_AWADDR[117] in module axi_crossbar_v2_1_28_crossbar is either unconnected or has no load
WARNING: [Synth 8-7129] Port S_AXI_AWADDR[116] in module axi_crossbar_v2_1_28_crossbar is either unconnected or has no load
WARNING: [Synth 8-7129] Port S_AXI_AWADDR[115] in module axi_crossbar_v2_1_28_crossbar is either unconnected or has no load
WARNING: [Synth 8-7129] Port S_AXI_AWADDR[114] in module axi_crossbar_v2_1_28_crossbar is either unconnected or has no load
WARNING: [Synth 8-7129] Port S_AXI_AWADDR[113] in module axi_crossbar_v2_1_28_crossbar is either unconnected or has no load
WARNING: [Synth 8-7129] Port S_AXI_AWADDR[112] in module axi_crossbar_v2_1_28_crossbar is either unconnected or has no load
WARNING: [Synth 8-7129] Port S_AXI_AWADDR[111] in module axi_crossbar_v2_1_28_crossbar is either unconnected or has no load
WARNING: [Synth 8-7129] Port S_AXI_AWADDR[110] in module axi_crossbar_v2_1_28_crossbar is either unconnected or has no load
WARNING: [Synth 8-7129] Port S_AXI_AWADDR[109] in module axi_crossbar_v2_1_28_crossbar is either unconnected or has no load
WARNING: [Synth 8-7129] Port S_AXI_AWADDR[108] in module axi_crossbar_v2_1_28_crossbar is either unconnected or has no load
WARNING: [Synth 8-7129] Port S_AXI_AWADDR[107] in module axi_crossbar_v2_1_28_crossbar is either unconnected or has no load
WARNING: [Synth 8-7129] Port S_AXI_AWADDR[106] in module axi_crossbar_v2_1_28_crossbar is either unconnected or has no load
WARNING: [Synth 8-7129] Port S_AXI_AWADDR[105] in module axi_crossbar_v2_1_28_crossbar is either unconnected or has no load
WARNING: [Synth 8-7129] Port S_AXI_AWADDR[104] in module axi_crossbar_v2_1_28_crossbar is either unconnected or has no load
WARNING: [Synth 8-7129] Port S_AXI_AWADDR[103] in module axi_crossbar_v2_1_28_crossbar is either unconnected or has no load
WARNING: [Synth 8-7129] Port S_AXI_AWADDR[102] in module axi_crossbar_v2_1_28_crossbar is either unconnected or has no load
WARNING: [Synth 8-7129] Port S_AXI_AWADDR[101] in module axi_crossbar_v2_1_28_crossbar is either unconnected or has no load
WARNING: [Synth 8-7129] Port S_AXI_AWADDR[100] in module axi_crossbar_v2_1_28_crossbar is either unconnected or has no load
WARNING: [Synth 8-7129] Port S_AXI_AWADDR[99] in module axi_crossbar_v2_1_28_crossbar is either unconnected or has no load
WARNING: [Synth 8-7129] Port S_AXI_AWADDR[98] in module axi_crossbar_v2_1_28_crossbar is either unconnected or has no load
WARNING: [Synth 8-7129] Port S_AXI_AWADDR[97] in module axi_crossbar_v2_1_28_crossbar is either unconnected or has no load
WARNING: [Synth 8-7129] Port S_AXI_AWADDR[96] in module axi_crossbar_v2_1_28_crossbar is either unconnected or has no load
WARNING: [Synth 8-7129] Port S_AXI_AWADDR[95] in module axi_crossbar_v2_1_28_crossbar is either unconnected or has no load
WARNING: [Synth 8-7129] Port S_AXI_AWADDR[94] in module axi_crossbar_v2_1_28_crossbar is either unconnected or has no load
WARNING: [Synth 8-7129] Port S_AXI_AWADDR[93] in module axi_crossbar_v2_1_28_crossbar is either unconnected or has no load
WARNING: [Synth 8-7129] Port S_AXI_AWADDR[92] in module axi_crossbar_v2_1_28_crossbar is either unconnected or has no load
WARNING: [Synth 8-7129] Port S_AXI_AWADDR[91] in module axi_crossbar_v2_1_28_crossbar is either unconnected or has no load
WARNING: [Synth 8-7129] Port S_AXI_AWADDR[90] in module axi_crossbar_v2_1_28_crossbar is either unconnected or has no load
WARNING: [Synth 8-7129] Port S_AXI_AWADDR[89] in module axi_crossbar_v2_1_28_crossbar is either unconnected or has no load
WARNING: [Synth 8-7129] Port S_AXI_AWADDR[88] in module axi_crossbar_v2_1_28_crossbar is either unconnected or has no load
WARNING: [Synth 8-7129] Port S_AXI_AWADDR[87] in module axi_crossbar_v2_1_28_crossbar is either unconnected or has no load
WARNING: [Synth 8-7129] Port S_AXI_AWADDR[86] in module axi_crossbar_v2_1_28_crossbar is either unconnected or has no load
WARNING: [Synth 8-7129] Port S_AXI_AWADDR[85] in module axi_crossbar_v2_1_28_crossbar is either unconnected or has no load
WARNING: [Synth 8-7129] Port S_AXI_AWADDR[84] in module axi_crossbar_v2_1_28_crossbar is either unconnected or has no load
WARNING: [Synth 8-7129] Port S_AXI_AWADDR[83] in module axi_crossbar_v2_1_28_crossbar is either unconnected or has no load
WARNING: [Synth 8-7129] Port S_AXI_AWADDR[82] in module axi_crossbar_v2_1_28_crossbar is either unconnected or has no load
WARNING: [Synth 8-7129] Port S_AXI_AWADDR[81] in module axi_crossbar_v2_1_28_crossbar is either unconnected or has no load
WARNING: [Synth 8-7129] Port S_AXI_AWADDR[80] in module axi_crossbar_v2_1_28_crossbar is either unconnected or has no load
WARNING: [Synth 8-7129] Port S_AXI_AWADDR[79] in module axi_crossbar_v2_1_28_crossbar is either unconnected or has no load
WARNING: [Synth 8-7129] Port S_AXI_AWADDR[78] in module axi_crossbar_v2_1_28_crossbar is either unconnected or has no load
WARNING: [Synth 8-7129] Port S_AXI_AWADDR[77] in module axi_crossbar_v2_1_28_crossbar is either unconnected or has no load
WARNING: [Synth 8-7129] Port S_AXI_AWADDR[76] in module axi_crossbar_v2_1_28_crossbar is either unconnected or has no load
WARNING: [Synth 8-7129] Port S_AXI_AWADDR[75] in module axi_crossbar_v2_1_28_crossbar is either unconnected or has no load
WARNING: [Synth 8-7129] Port S_AXI_AWADDR[74] in module axi_crossbar_v2_1_28_crossbar is either unconnected or has no load
WARNING: [Synth 8-7129] Port S_AXI_AWADDR[73] in module axi_crossbar_v2_1_28_crossbar is either unconnected or has no load
WARNING: [Synth 8-7129] Port S_AXI_AWADDR[72] in module axi_crossbar_v2_1_28_crossbar is either unconnected or has no load
WARNING: [Synth 8-7129] Port S_AXI_AWADDR[71] in module axi_crossbar_v2_1_28_crossbar is either unconnected or has no load
WARNING: [Synth 8-7129] Port S_AXI_AWADDR[70] in module axi_crossbar_v2_1_28_crossbar is either unconnected or has no load
WARNING: [Synth 8-7129] Port S_AXI_AWADDR[69] in module axi_crossbar_v2_1_28_crossbar is either unconnected or has no load
WARNING: [Synth 8-7129] Port S_AXI_AWADDR[68] in module axi_crossbar_v2_1_28_crossbar is either unconnected or has no load
WARNING: [Synth 8-7129] Port S_AXI_AWADDR[67] in module axi_crossbar_v2_1_28_crossbar is either unconnected or has no load
WARNING: [Synth 8-7129] Port S_AXI_AWADDR[66] in module axi_crossbar_v2_1_28_crossbar is either unconnected or has no load
WARNING: [Synth 8-7129] Port S_AXI_AWADDR[65] in module axi_crossbar_v2_1_28_crossbar is either unconnected or has no load
WARNING: [Synth 8-7129] Port S_AXI_AWADDR[64] in module axi_crossbar_v2_1_28_crossbar is either unconnected or has no load
WARNING: [Synth 8-7129] Port S_AXI_AWLEN[15] in module axi_crossbar_v2_1_28_crossbar is either unconnected or has no load
WARNING: [Synth 8-7129] Port S_AXI_AWLEN[14] in module axi_crossbar_v2_1_28_crossbar is either unconnected or has no load
WARNING: [Synth 8-7129] Port S_AXI_AWLEN[13] in module axi_crossbar_v2_1_28_crossbar is either unconnected or has no load
WARNING: [Synth 8-7129] Port S_AXI_AWLEN[12] in module axi_crossbar_v2_1_28_crossbar is either unconnected or has no load
WARNING: [Synth 8-7129] Port S_AXI_AWLEN[11] in module axi_crossbar_v2_1_28_crossbar is either unconnected or has no load
WARNING: [Synth 8-7129] Port S_AXI_AWLEN[10] in module axi_crossbar_v2_1_28_crossbar is either unconnected or has no load
WARNING: [Synth 8-7129] Port S_AXI_AWLEN[9] in module axi_crossbar_v2_1_28_crossbar is either unconnected or has no load
WARNING: [Synth 8-7129] Port S_AXI_AWLEN[8] in module axi_crossbar_v2_1_28_crossbar is either unconnected or has no load
INFO: [Common 17-14] Message 'Synth 8-7129' appears 100 times and further instances of the messages will be disabled. Use the Tcl command set_msg_config to change the current settings.
---------------------------------------------------------------------------------
Finished RTL Elaboration : Time (s): cpu = 00:00:11 ; elapsed = 00:00:13 . Memory (MB): peak = 3259.906 ; gain = 428.617 ; free physical = 703 ; free virtual = 10134
Synthesis current peak Physical Memory [PSS] (MB): peak = 2386.210; parent = 2250.390; children = 135.880
Synthesis current peak Virtual Memory [VSS] (MB): peak = 4246.941; parent = 3259.910; children = 987.031
---------------------------------------------------------------------------------
---------------------------------------------------------------------------------
Start Handling Custom Attributes
---------------------------------------------------------------------------------
---------------------------------------------------------------------------------
Finished Handling Custom Attributes : Time (s): cpu = 00:00:11 ; elapsed = 00:00:13 . Memory (MB): peak = 3277.719 ; gain = 446.430 ; free physical = 695 ; free virtual = 10125
Synthesis current peak Physical Memory [PSS] (MB): peak = 2386.210; parent = 2250.390; children = 135.880
Synthesis current peak Virtual Memory [VSS] (MB): peak = 4264.754; parent = 3277.723; children = 987.031
---------------------------------------------------------------------------------
---------------------------------------------------------------------------------
Finished RTL Optimization Phase 1 : Time (s): cpu = 00:00:11 ; elapsed = 00:00:13 . Memory (MB): peak = 3277.719 ; gain = 446.430 ; free physical = 693 ; free virtual = 10124
Synthesis current peak Physical Memory [PSS] (MB): peak = 2386.210; parent = 2250.390; children = 135.880
Synthesis current peak Virtual Memory [VSS] (MB): peak = 4264.754; parent = 3277.723; children = 987.031
---------------------------------------------------------------------------------
Netlist sorting complete. Time (s): cpu = 00:00:00.07 ; elapsed = 00:00:00.08 . Memory (MB): peak = 3277.719 ; gain = 0.000 ; free physical = 741 ; free virtual = 10172
INFO: [Project 1-570] Preparing netlist for logic optimization

Processing XDC Constraints
Initializing timing engine
Parsing XDC File [/home/agreshil/vivado_projects/i2c-master/x2o-vivado-usplus-control-i2c-master-pl/control/apex_kria/apex_kria.gen/sources_1/bd/design_1/ip/design_1_xbar_3/design_1_xbar_3_ooc.xdc] for cell 'inst'
Finished Parsing XDC File [/home/agreshil/vivado_projects/i2c-master/x2o-vivado-usplus-control-i2c-master-pl/control/apex_kria/apex_kria.gen/sources_1/bd/design_1/ip/design_1_xbar_3/design_1_xbar_3_ooc.xdc] for cell 'inst'
Parsing XDC File [/home/agreshil/vivado_projects/i2c-master/x2o-vivado-usplus-control-i2c-master-pl/control/apex_kria/apex_kria.runs/design_1_xbar_3_synth_1/dont_touch.xdc]
Finished Parsing XDC File [/home/agreshil/vivado_projects/i2c-master/x2o-vivado-usplus-control-i2c-master-pl/control/apex_kria/apex_kria.runs/design_1_xbar_3_synth_1/dont_touch.xdc]
Completed Processing XDC Constraints

Netlist sorting complete. Time (s): cpu = 00:00:00 ; elapsed = 00:00:00 . Memory (MB): peak = 3418.469 ; gain = 0.000 ; free physical = 784 ; free virtual = 10227
INFO: [Project 1-111] Unisim Transformation Summary:
No Unisim elements were transformed.

Constraint Validation Runtime : Time (s): cpu = 00:00:00.16 ; elapsed = 00:00:00.11 . Memory (MB): peak = 3418.469 ; gain = 0.000 ; free physical = 773 ; free virtual = 10216
INFO: [Designutils 20-5008] Incremental synthesis strategy off
INFO: [Synth 8-11241] undeclared symbol 'REGCCE', assumed default net type 'wire' [/tools/Xilinx/Vivado/2022.2/data/verilog/src/unimacro/BRAM_SINGLE_MACRO.v:2170]
---------------------------------------------------------------------------------
Finished Constraint Validation : Time (s): cpu = 00:00:23 ; elapsed = 00:00:25 . Memory (MB): peak = 3418.469 ; gain = 587.180 ; free physical = 268 ; free virtual = 9560
Synthesis current peak Physical Memory [PSS] (MB): peak = 2386.210; parent = 2250.390; children = 135.880
Synthesis current peak Virtual Memory [VSS] (MB): peak = 4397.500; parent = 3410.469; children = 987.031
---------------------------------------------------------------------------------
---------------------------------------------------------------------------------
Start Loading Part and Timing Information
---------------------------------------------------------------------------------
Loading part: xck26-sfvc784-2LV-c
INFO: [Synth 8-6742] Reading net delay rules and data
---------------------------------------------------------------------------------
Finished Loading Part and Timing Information : Time (s): cpu = 00:00:23 ; elapsed = 00:00:25 . Memory (MB): peak = 3418.469 ; gain = 587.180 ; free physical = 274 ; free virtual = 9552
Synthesis current peak Physical Memory [PSS] (MB): peak = 2386.210; parent = 2250.390; children = 135.880
Synthesis current peak Virtual Memory [VSS] (MB): peak = 4397.500; parent = 3410.469; children = 987.031
---------------------------------------------------------------------------------
---------------------------------------------------------------------------------
Start Applying 'set_property' XDC Constraints
---------------------------------------------------------------------------------
Applied set_property KEEP_HIERARCHY = SOFT for inst. (constraint file  /home/agreshil/vivado_projects/i2c-master/x2o-vivado-usplus-control-i2c-master-pl/control/apex_kria/apex_kria.runs/design_1_xbar_3_synth_1/dont_touch.xdc, line 9).
---------------------------------------------------------------------------------
Finished applying 'set_property' XDC Constraints : Time (s): cpu = 00:00:23 ; elapsed = 00:00:25 . Memory (MB): peak = 3418.469 ; gain = 587.180 ; free physical = 278 ; free virtual = 9556
Synthesis current peak Physical Memory [PSS] (MB): peak = 2386.210; parent = 2250.390; children = 135.880
Synthesis current peak Virtual Memory [VSS] (MB): peak = 4397.500; parent = 3410.469; children = 987.031
---------------------------------------------------------------------------------
INFO: [Synth 8-802] inferred FSM for state register 'state_reg' in module 'axi_data_fifo_v2_1_26_axic_reg_srl_fifo'
INFO: [Synth 8-802] inferred FSM for state register 'state_reg' in module 'axi_data_fifo_v2_1_26_axic_reg_srl_fifo__parameterized0'
INFO: [Synth 8-802] inferred FSM for state register 'state_reg' in module 'axi_data_fifo_v2_1_26_axic_reg_srl_fifo__parameterized1'
INFO: [Synth 8-802] inferred FSM for state register 'state_reg' in module 'axi_data_fifo_v2_1_26_axic_reg_srl_fifo__parameterized2'
INFO: [Synth 8-802] inferred FSM for state register 'gen_axi.write_cs_reg' in module 'axi_crossbar_v2_1_28_decerr_slave'
---------------------------------------------------------------------------------------------------
                   State |                     New Encoding |                Previous Encoding 
---------------------------------------------------------------------------------------------------
                    ZERO |                             1000 |                               10
                     ONE |                             0010 |                               11
                     TWO |                             0001 |                               01
                  iSTATE |                             0100 |                               00
---------------------------------------------------------------------------------------------------
INFO: [Synth 8-3354] encoded FSM with state register 'state_reg' using encoding 'one-hot' in module 'axi_data_fifo_v2_1_26_axic_reg_srl_fifo'
---------------------------------------------------------------------------------------------------
                   State |                     New Encoding |                Previous Encoding 
---------------------------------------------------------------------------------------------------
                    ZERO |                             1000 |                               10
                     ONE |                             0010 |                               11
                     TWO |                             0001 |                               01
                  iSTATE |                             0100 |                               00
---------------------------------------------------------------------------------------------------
INFO: [Synth 8-3354] encoded FSM with state register 'state_reg' using encoding 'one-hot' in module 'axi_data_fifo_v2_1_26_axic_reg_srl_fifo__parameterized0'
---------------------------------------------------------------------------------------------------
                   State |                     New Encoding |                Previous Encoding 
---------------------------------------------------------------------------------------------------
                    ZERO |                             1000 |                               10
                     ONE |                             0010 |                               11
                     TWO |                             0001 |                               01
                  iSTATE |                             0100 |                               00
---------------------------------------------------------------------------------------------------
INFO: [Synth 8-3354] encoded FSM with state register 'state_reg' using encoding 'one-hot' in module 'axi_data_fifo_v2_1_26_axic_reg_srl_fifo__parameterized1'
---------------------------------------------------------------------------------------------------
                   State |                     New Encoding |                Previous Encoding 
---------------------------------------------------------------------------------------------------
                    ZERO |                             1000 |                               10
                     ONE |                             0010 |                               11
                     TWO |                             0001 |                               01
                  iSTATE |                             0100 |                               00
---------------------------------------------------------------------------------------------------
INFO: [Synth 8-3354] encoded FSM with state register 'state_reg' using encoding 'one-hot' in module 'axi_data_fifo_v2_1_26_axic_reg_srl_fifo__parameterized2'
---------------------------------------------------------------------------------------------------
                   State |                     New Encoding |                Previous Encoding 
---------------------------------------------------------------------------------------------------
            P_WRITE_IDLE |                              001 |                               00
            P_WRITE_DATA |                              010 |                               01
            P_WRITE_RESP |                              100 |                               10
---------------------------------------------------------------------------------------------------
INFO: [Synth 8-3354] encoded FSM with state register 'gen_axi.write_cs_reg' using encoding 'one-hot' in module 'axi_crossbar_v2_1_28_decerr_slave'
---------------------------------------------------------------------------------
Finished RTL Optimization Phase 2 : Time (s): cpu = 00:00:24 ; elapsed = 00:00:26 . Memory (MB): peak = 3418.469 ; gain = 587.180 ; free physical = 271 ; free virtual = 9544
Synthesis current peak Physical Memory [PSS] (MB): peak = 2386.210; parent = 2250.390; children = 135.880
Synthesis current peak Virtual Memory [VSS] (MB): peak = 4397.500; parent = 3410.469; children = 987.031
---------------------------------------------------------------------------------
---------------------------------------------------------------------------------
Start RTL Component Statistics 
---------------------------------------------------------------------------------
Detailed RTL Component Info : 
+---Adders : 
	   2 Input    8 Bit       Adders := 3     
	   2 Input    5 Bit       Adders := 6     
	   2 Input    4 Bit       Adders := 3     
	   2 Input    2 Bit       Adders := 9     
	   2 Input    1 Bit       Adders := 4     
+---XORs : 
	   2 Input      1 Bit         XORs := 10    
+---Registers : 
	              133 Bit    Registers := 4     
	               97 Bit    Registers := 2     
	                8 Bit    Registers := 3     
	                5 Bit    Registers := 4     
	                4 Bit    Registers := 9     
	                3 Bit    Registers := 8     
	                2 Bit    Registers := 26    
	                1 Bit    Registers := 41    
+---Muxes : 
	   2 Input  133 Bit        Muxes := 4     
	   2 Input   16 Bit        Muxes := 4     
	   2 Input    8 Bit        Muxes := 1     
	   2 Input    5 Bit        Muxes := 2     
	   3 Input    4 Bit        Muxes := 4     
	   2 Input    4 Bit        Muxes := 12    
	   2 Input    3 Bit        Muxes := 4     
	   2 Input    2 Bit        Muxes := 22    
	   2 Input    1 Bit        Muxes := 92    
	   4 Input    1 Bit        Muxes := 12    
	   3 Input    1 Bit        Muxes := 9     
---------------------------------------------------------------------------------
Finished RTL Component Statistics 
---------------------------------------------------------------------------------
---------------------------------------------------------------------------------
Start Part Resource Summary
---------------------------------------------------------------------------------
Part Resources:
DSPs: 1248 (col length:96)
BRAMs: 288 (col length: RAMB18 96 RAMB36 48)
---------------------------------------------------------------------------------
Finished Part Resource Summary
---------------------------------------------------------------------------------
---------------------------------------------------------------------------------
Start Cross Boundary and Area Optimization
---------------------------------------------------------------------------------
WARNING: [Synth 8-7080] Parallel synthesis criteria is not met
INFO: [Synth 8-3332] Sequential element (wrouter_aw_fifo/FSM_onehot_state_reg[2]) is unused and will be removed from module axi_crossbar_v2_1_28_wdata_router.
INFO: [Synth 8-3332] Sequential element (wrouter_aw_fifo/FSM_onehot_state_reg[2]) is unused and will be removed from module axi_crossbar_v2_1_28_wdata_router__parameterized0.
INFO: [Synth 8-3332] Sequential element (FSM_onehot_state_reg[2]) is unused and will be removed from module axi_data_fifo_v2_1_26_axic_reg_srl_fifo__parameterized1.
INFO: [Synth 8-3332] Sequential element (FSM_onehot_state_reg[2]) is unused and will be removed from module axi_data_fifo_v2_1_26_axic_reg_srl_fifo__parameterized2.
---------------------------------------------------------------------------------
Finished Cross Boundary and Area Optimization : Time (s): cpu = 00:00:28 ; elapsed = 00:00:31 . Memory (MB): peak = 3418.469 ; gain = 587.180 ; free physical = 240 ; free virtual = 8937
Synthesis current peak Physical Memory [PSS] (MB): peak = 2386.210; parent = 2250.390; children = 135.880
Synthesis current peak Virtual Memory [VSS] (MB): peak = 4397.500; parent = 3410.469; children = 987.031
---------------------------------------------------------------------------------
---------------------------------------------------------------------------------
Start Applying XDC Timing Constraints
---------------------------------------------------------------------------------
---------------------------------------------------------------------------------
Finished Applying XDC Timing Constraints : Time (s): cpu = 00:00:38 ; elapsed = 00:00:41 . Memory (MB): peak = 3708.148 ; gain = 876.859 ; free physical = 4391 ; free virtual = 11743
Synthesis current peak Physical Memory [PSS] (MB): peak = 2844.911; parent = 2698.781; children = 146.130
Synthesis current peak Virtual Memory [VSS] (MB): peak = 4695.184; parent = 3708.152; children = 987.031
---------------------------------------------------------------------------------
---------------------------------------------------------------------------------
Start Timing Optimization
---------------------------------------------------------------------------------
---------------------------------------------------------------------------------
Finished Timing Optimization : Time (s): cpu = 00:00:38 ; elapsed = 00:00:42 . Memory (MB): peak = 3739.188 ; gain = 907.898 ; free physical = 5328 ; free virtual = 12683
Synthesis current peak Physical Memory [PSS] (MB): peak = 2851.496; parent = 2705.437; children = 146.130
Synthesis current peak Virtual Memory [VSS] (MB): peak = 4726.223; parent = 3739.191; children = 987.031
---------------------------------------------------------------------------------
---------------------------------------------------------------------------------
Start Technology Mapping
---------------------------------------------------------------------------------
---------------------------------------------------------------------------------
Finished Technology Mapping : Time (s): cpu = 00:00:39 ; elapsed = 00:00:42 . Memory (MB): peak = 3747.195 ; gain = 915.906 ; free physical = 5337 ; free virtual = 12711
Synthesis current peak Physical Memory [PSS] (MB): peak = 2860.872; parent = 2710.605; children = 150.267
Synthesis current peak Virtual Memory [VSS] (MB): peak = 4734.230; parent = 3747.199; children = 987.031
---------------------------------------------------------------------------------
---------------------------------------------------------------------------------
Start IO Insertion
---------------------------------------------------------------------------------
---------------------------------------------------------------------------------
Start Flattening Before IO Insertion
---------------------------------------------------------------------------------
---------------------------------------------------------------------------------
Finished Flattening Before IO Insertion
---------------------------------------------------------------------------------
---------------------------------------------------------------------------------
Start Final Netlist Cleanup
---------------------------------------------------------------------------------
---------------------------------------------------------------------------------
Finished Final Netlist Cleanup
---------------------------------------------------------------------------------
---------------------------------------------------------------------------------
Finished IO Insertion : Time (s): cpu = 00:00:42 ; elapsed = 00:00:46 . Memory (MB): peak = 3747.195 ; gain = 915.906 ; free physical = 6413 ; free virtual = 13830
Synthesis current peak Physical Memory [PSS] (MB): peak = 2860.872; parent = 2710.605; children = 150.267
Synthesis current peak Virtual Memory [VSS] (MB): peak = 4734.230; parent = 3747.199; children = 987.031
---------------------------------------------------------------------------------
---------------------------------------------------------------------------------
Start Renaming Generated Instances
---------------------------------------------------------------------------------
---------------------------------------------------------------------------------
Finished Renaming Generated Instances : Time (s): cpu = 00:00:42 ; elapsed = 00:00:46 . Memory (MB): peak = 3747.195 ; gain = 915.906 ; free physical = 6405 ; free virtual = 13822
Synthesis current peak Physical Memory [PSS] (MB): peak = 2860.872; parent = 2710.605; children = 150.267
Synthesis current peak Virtual Memory [VSS] (MB): peak = 4734.230; parent = 3747.199; children = 987.031
---------------------------------------------------------------------------------
---------------------------------------------------------------------------------
Start Rebuilding User Hierarchy
---------------------------------------------------------------------------------
---------------------------------------------------------------------------------
Finished Rebuilding User Hierarchy : Time (s): cpu = 00:00:42 ; elapsed = 00:00:46 . Memory (MB): peak = 3747.195 ; gain = 915.906 ; free physical = 6402 ; free virtual = 13818
Synthesis current peak Physical Memory [PSS] (MB): peak = 2860.872; parent = 2710.605; children = 150.267
Synthesis current peak Virtual Memory [VSS] (MB): peak = 4734.230; parent = 3747.199; children = 987.031
---------------------------------------------------------------------------------
---------------------------------------------------------------------------------
Start Renaming Generated Ports
---------------------------------------------------------------------------------
---------------------------------------------------------------------------------
Finished Renaming Generated Ports : Time (s): cpu = 00:00:42 ; elapsed = 00:00:46 . Memory (MB): peak = 3747.195 ; gain = 915.906 ; free physical = 6400 ; free virtual = 13817
Synthesis current peak Physical Memory [PSS] (MB): peak = 2860.872; parent = 2710.605; children = 150.267
Synthesis current peak Virtual Memory [VSS] (MB): peak = 4734.230; parent = 3747.199; children = 987.031
---------------------------------------------------------------------------------
---------------------------------------------------------------------------------
Start Handling Custom Attributes
---------------------------------------------------------------------------------
---------------------------------------------------------------------------------
Finished Handling Custom Attributes : Time (s): cpu = 00:00:42 ; elapsed = 00:00:46 . Memory (MB): peak = 3747.195 ; gain = 915.906 ; free physical = 6436 ; free virtual = 13853
Synthesis current peak Physical Memory [PSS] (MB): peak = 2860.872; parent = 2710.605; children = 150.267
Synthesis current peak Virtual Memory [VSS] (MB): peak = 4734.230; parent = 3747.199; children = 987.031
---------------------------------------------------------------------------------
---------------------------------------------------------------------------------
Start Renaming Generated Nets
---------------------------------------------------------------------------------
---------------------------------------------------------------------------------
Finished Renaming Generated Nets : Time (s): cpu = 00:00:42 ; elapsed = 00:00:46 . Memory (MB): peak = 3747.195 ; gain = 915.906 ; free physical = 6477 ; free virtual = 13894
Synthesis current peak Physical Memory [PSS] (MB): peak = 2860.872; parent = 2710.605; children = 150.267
Synthesis current peak Virtual Memory [VSS] (MB): peak = 4734.230; parent = 3747.199; children = 987.031
---------------------------------------------------------------------------------
---------------------------------------------------------------------------------
Start ROM, RAM, DSP, Shift Register and Retiming Reporting
---------------------------------------------------------------------------------

Dynamic Shift Register Report:
+------------+------------------------------------------------+--------+------------+--------+---------+--------+--------+--------+
|Module Name | RTL Name                                       | Length | Data Width | SRL16E | SRLC32E | Mux F7 | Mux F8 | Mux F9 | 
+------------+------------------------------------------------+--------+------------+--------+---------+--------+--------+--------+
|dsrl        | gen_rtl_shifter.gen_inferred_srl.shift_reg_reg | 32     | 1          | 0      | 1       | 0      | 0      | 0      | 
|dsrl__1     | gen_rtl_shifter.gen_inferred_srl.shift_reg_reg | 32     | 1          | 0      | 1       | 0      | 0      | 0      | 
|dsrl__2     | gen_rtl_shifter.gen_inferred_srl.shift_reg_reg | 32     | 1          | 0      | 1       | 0      | 0      | 0      | 
+------------+------------------------------------------------+--------+------------+--------+---------+--------+--------+--------+

---------------------------------------------------------------------------------
Finished ROM, RAM, DSP, Shift Register and Retiming Reporting
---------------------------------------------------------------------------------
---------------------------------------------------------------------------------
Start Writing Synthesis Report
---------------------------------------------------------------------------------

Report BlackBoxes: 
+-+--------------+----------+
| |BlackBox name |Instances |
+-+--------------+----------+
+-+--------------+----------+

Report Cell Usage: 
+------+--------+------+
|      |Cell    |Count |
+------+--------+------+
|1     |LUT1    |    16|
|2     |LUT2    |   151|
|3     |LUT3    |   651|
|4     |LUT4    |    56|
|5     |LUT5    |    65|
|6     |LUT6    |   120|
|7     |SRLC32E |     4|
|8     |FDRE    |   576|
|9     |FDSE    |    23|
+------+--------+------+
---------------------------------------------------------------------------------
Finished Writing Synthesis Report : Time (s): cpu = 00:00:42 ; elapsed = 00:00:46 . Memory (MB): peak = 3747.195 ; gain = 915.906 ; free physical = 6489 ; free virtual = 13907
Synthesis current peak Physical Memory [PSS] (MB): peak = 2860.872; parent = 2710.605; children = 150.267
Synthesis current peak Virtual Memory [VSS] (MB): peak = 4734.230; parent = 3747.199; children = 987.031
---------------------------------------------------------------------------------
Synthesis finished with 0 errors, 0 critical warnings and 725 warnings.
Synthesis Optimization Runtime : Time (s): cpu = 00:00:35 ; elapsed = 00:00:39 . Memory (MB): peak = 3747.195 ; gain = 775.156 ; free physical = 6524 ; free virtual = 13941
Synthesis Optimization Complete : Time (s): cpu = 00:00:42 ; elapsed = 00:00:47 . Memory (MB): peak = 3747.203 ; gain = 915.906 ; free physical = 6533 ; free virtual = 13951
INFO: [Project 1-571] Translating synthesized netlist
Netlist sorting complete. Time (s): cpu = 00:00:00.03 ; elapsed = 00:00:00.03 . Memory (MB): peak = 3755.195 ; gain = 0.000 ; free physical = 6314 ; free virtual = 13751
INFO: [Project 1-570] Preparing netlist for logic optimization
INFO: [Opt 31-138] Pushed 0 inverter(s) to 0 load pin(s).
Netlist sorting complete. Time (s): cpu = 00:00:00 ; elapsed = 00:00:00 . Memory (MB): peak = 3803.988 ; gain = 0.000 ; free physical = 5895 ; free virtual = 13334
INFO: [Project 1-111] Unisim Transformation Summary:
No Unisim elements were transformed.

Synth Design complete, checksum: a04f7f3f
INFO: [Common 17-83] Releasing license: Synthesis
136 Infos, 136 Warnings, 0 Critical Warnings and 0 Errors encountered.
synth_design completed successfully
synth_design: Time (s): cpu = 00:00:53 ; elapsed = 00:00:53 . Memory (MB): peak = 3803.988 ; gain = 1891.023 ; free physical = 5995 ; free virtual = 13420
INFO: [Common 17-1381] The checkpoint '/home/agreshil/vivado_projects/i2c-master/x2o-vivado-usplus-control-i2c-master-pl/control/apex_kria/apex_kria.runs/design_1_xbar_3_synth_1/design_1_xbar_3.dcp' has been generated.
INFO: [Coretcl 2-1648] Added synthesis output to IP cache for IP design_1_xbar_3, cache-ID = 907ebb949a078670
INFO: [Coretcl 2-1174] Renamed 31 cell refs.
INFO: [Common 17-1381] The checkpoint '/home/agreshil/vivado_projects/i2c-master/x2o-vivado-usplus-control-i2c-master-pl/control/apex_kria/apex_kria.runs/design_1_xbar_3_synth_1/design_1_xbar_3.dcp' has been generated.
INFO: [runtcl-4] Executing : report_utilization -file design_1_xbar_3_utilization_synth.rpt -pb design_1_xbar_3_utilization_synth.pb
INFO: [Common 17-206] Exiting Vivado at Tue Mar  4 21:54:05 2025...
